#
# There is insufficient memory for the Java Runtime Environment to continue.
# Native memory allocation (malloc) failed to allocate 1252896 bytes for Chunk::new
# Possible reasons:
#   The system is out of physical RAM or swap space
#   The process is running with CompressedOops enabled, and the Java Heap may be blocking the growth of the native heap
# Possible solutions:
#   Reduce memory load on the system
#   Increase physical memory or swap space
#   Check if swap backing store is full
#   Decrease Java heap size (-Xmx/-Xms)
#   Decrease number of Java threads
#   Decrease Java thread stack sizes (-Xss)
#   Set larger code cache with -XX:ReservedCodeCacheSize=
#   JVM is running with Unscaled Compressed Oops mode in which the Java heap is
#     placed in the first 4GB address space. The Java Heap base address is the
#     maximum limit for the native heap growth. Please use -XX:HeapBaseMinAddress
#     to set the Java Heap base and to place the Java Heap above 4GB virtual address.
# This output file may be truncated or incomplete.
#
#  Out of Memory Error (allocation.cpp:389), pid=5556, tid=0x00000000000018dc
#
# JRE version: OpenJDK Runtime Environment (8.0) (build 1.8.0-25-microsoft-b00)
# Java VM: OpenJDK 64-Bit Server VM (25.71-b00 mixed mode windows-amd64 compressed oops)
# Failed to write core dump. Minidumps are not enabled by default on client versions of Windows
#

---------------  T H R E A D  ---------------

Current thread (0x0000000015109800):  JavaThread "C2 CompilerThread0" daemon [_thread_in_native, id=6364, stack(0x0000000016770000,0x0000000016870000)]

Stack: [0x0000000016770000,0x0000000016870000]
[error occurred during error reporting (printing stack bounds), id 0xc0000005]

Native frames: (J=compiled Java code, j=interpreted, Vv=VM code, C=native code)


Current CompileTask:
C2:   8049 2361       4       com.android.dx.ssa.DeadCodeRemover::run (194 bytes)


---------------  P R O C E S S  ---------------

Java Threads: ( => current thread )
  0x0000000016cf6800 JavaThread "pool-2-thread-1" [_thread_blocked, id=6892, stack(0x0000000017170000,0x0000000017270000)]
  0x0000000016cf5000 JavaThread "pool-1-thread-1" [_thread_in_Java, id=7280, stack(0x0000000017070000,0x0000000017170000)]
  0x0000000016aa0800 JavaThread "Service Thread" daemon [_thread_blocked, id=7328, stack(0x0000000016e70000,0x0000000016f70000)]
  0x0000000015115000 JavaThread "C1 CompilerThread2" daemon [_thread_blocked, id=8136, stack(0x0000000016970000,0x0000000016a70000)]
  0x000000001510c800 JavaThread "C2 CompilerThread1" daemon [_thread_in_native, id=7244, stack(0x0000000016870000,0x0000000016970000)]
=>0x0000000015109800 JavaThread "C2 CompilerThread0" daemon [_thread_in_native, id=6364, stack(0x0000000016770000,0x0000000016870000)]
  0x0000000015108800 JavaThread "Attach Listener" daemon [_thread_blocked, id=7744, stack(0x0000000016670000,0x0000000016770000)]
  0x0000000015107800 JavaThread "Signal Dispatcher" daemon [_thread_blocked, id=5136, stack(0x0000000016570000,0x0000000016670000)]
  0x0000000002a2c000 JavaThread "Finalizer" daemon [_thread_blocked, id=1044, stack(0x0000000016370000,0x0000000016470000)]
  0x0000000002a23800 JavaThread "Reference Handler" daemon [_thread_blocked, id=6864, stack(0x0000000016270000,0x0000000016370000)]
  0x000000000292e000 JavaThread "main" [_thread_in_vm, id=6792, stack(0x00000000027f0000,0x00000000028f0000)]

Other Threads:
  0x00000000150c6800 VMThread [stack: 0x0000000016170000,0x0000000016270000] [id=4388]
  0x0000000016aa1000 WatcherThread [stack: 0x0000000016f70000,0x0000000017070000] [id=7224]

VM state:not at safepoint (normal execution)

VM Mutex/Monitor currently owned by a thread: None

heap address: 0x00000000c0000000, size: 1024 MB, Compressed Oops mode: 32-bit
Narrow klass base: 0x0000000000000000, Narrow klass shift: 3
Compressed class space size: 1073741824 Address: 0x0000000100000000

Heap:
 PSYoungGen      total 243200K, used 190735K [0x00000000eab00000, 0x00000000fd600000, 0x0000000100000000)
  eden space 216064K, 88% used [0x00000000eab00000,0x00000000f6543e70,0x00000000f7e00000)
  from space 27136K, 0% used [0x00000000fbb80000,0x00000000fbb80000,0x00000000fd600000)
  to   space 32256K, 0% used [0x00000000f9c00000,0x00000000f9c00000,0x00000000fbb80000)
 ParOldGen       total 102400K, used 102367K [0x00000000c0000000, 0x00000000c6400000, 0x00000000eab00000)
  object space 102400K, 99% used [0x00000000c0000000,0x00000000c63f7e38,0x00000000c6400000)
 Metaspace       used 6702K, capacity 7352K, committed 7552K, reserved 1056768K
  class space    used 611K, capacity 624K, committed 640K, reserved 1048576K

Card table byte_map: [0x0000000011df0000,0x0000000012000000] byte_map_base: 0x00000000117f0000

Marking Bits: (ParMarkBitMap*) 0x00000000534a8f30
 Begin Bits: [0x0000000012560000, 0x0000000013560000)
 End Bits:   [0x0000000013560000, 0x0000000014560000)

Polling page: 0x0000000000fc0000

CodeCache: size=245760Kb used=9911Kb max_used=9911Kb free=235848Kb
 bounds [0x0000000002a30000, 0x00000000033f0000, 0x0000000011a30000]
 total_blobs=2543 nmethods=2267 adapters=189
 compilation: enabled

Compilation events (10 events):
Event: 7.750 Thread 0x0000000015115000 2391       1       com.android.dx.cf.attrib.BaseAnnotations::byteLength (8 bytes)
Event: 7.750 Thread 0x0000000015115000 nmethod 2391 0x00000000033c0b50 code [0x00000000033c0ca0, 0x00000000033c0db0]
Event: 7.778 Thread 0x0000000015115000 2392       2       com.android.dx.ssa.SsaBasicBlock::addPhiInsnForReg (18 bytes)
Event: 7.779 Thread 0x0000000015115000 nmethod 2392 0x00000000033dcc10 code [0x00000000033dcda0, 0x00000000033dd148]
Event: 7.796 Thread 0x0000000015115000 2393       2       com.android.dx.rop.code.BasicBlock::getSecondarySuccessor (49 bytes)
Event: 7.797 Thread 0x0000000015115000 nmethod 2393 0x00000000033dc690 code [0x00000000033dc820, 0x00000000033dcaa8]
Event: 7.867 Thread 0x0000000015115000 2394       2       com.android.dx.cf.direct.StdAttributeFactory::enclosingMethod (156 bytes)
Event: 7.870 Thread 0x0000000015115000 nmethod 2394 0x00000000033d8c90 code [0x00000000033d9060, 0x00000000033da668]
Event: 7.901 Thread 0x0000000015115000 2395   !   2       com.android.dx.dex.code.OutputFinisher::reverseBranch (73 bytes)
Event: 7.903 Thread 0x0000000015115000 nmethod 2395 0x00000000033e4190 code [0x00000000033e43a0, 0x00000000033e4b08]

GC Heap History (10 events):
Event: 3.515 GC heap before
{Heap before GC invocations=9 (full 1):
 PSYoungGen      total 145408K, used 138184K [0x00000000eab00000, 0x00000000fdb00000, 0x0000000100000000)
  eden space 129536K, 100% used [0x00000000eab00000,0x00000000f2980000,0x00000000f2980000)
  from space 15872K, 54% used [0x00000000f2980000,0x00000000f31f20f0,0x00000000f3900000)
  to   space 26112K, 0% used [0x00000000fc180000,0x00000000fc180000,0x00000000fdb00000)
 ParOldGen       total 88064K, used 43982K [0x00000000c0000000, 0x00000000c5600000, 0x00000000eab00000)
  object space 88064K, 49% used [0x00000000c0000000,0x00000000c2af3ac0,0x00000000c5600000)
 Metaspace       used 6669K, capacity 7352K, committed 7552K, reserved 1056768K
  class space    used 611K, capacity 624K, committed 640K, reserved 1048576K
Event: 3.562 GC heap after
Heap after GC invocations=9 (full 1):
 PSYoungGen      total 198656K, used 26102K [0x00000000eab00000, 0x00000000fdb00000, 0x0000000100000000)
  eden space 172544K, 0% used [0x00000000eab00000,0x00000000eab00000,0x00000000f5380000)
  from space 26112K, 99% used [0x00000000fc180000,0x00000000fdafd848,0x00000000fdb00000)
  to   space 32256K, 0% used [0x00000000f9c00000,0x00000000f9c00000,0x00000000fbb80000)
 ParOldGen       total 88064K, used 46430K [0x00000000c0000000, 0x00000000c5600000, 0x00000000eab00000)
  object space 88064K, 52% used [0x00000000c0000000,0x00000000c2d57b90,0x00000000c5600000)
 Metaspace       used 6669K, capacity 7352K, committed 7552K, reserved 1056768K
  class space    used 611K, capacity 624K, committed 640K, reserved 1048576K
}
Event: 4.066 GC heap before
{Heap before GC invocations=10 (full 1):
 PSYoungGen      total 198656K, used 198646K [0x00000000eab00000, 0x00000000fdb00000, 0x0000000100000000)
  eden space 172544K, 100% used [0x00000000eab00000,0x00000000f5380000,0x00000000f5380000)
  from space 26112K, 99% used [0x00000000fc180000,0x00000000fdafd848,0x00000000fdb00000)
  to   space 32256K, 0% used [0x00000000f9c00000,0x00000000f9c00000,0x00000000fbb80000)
 ParOldGen       total 88064K, used 46430K [0x00000000c0000000, 0x00000000c5600000, 0x00000000eab00000)
  object space 88064K, 52% used [0x00000000c0000000,0x00000000c2d57b90,0x00000000c5600000)
 Metaspace       used 6681K, capacity 7352K, committed 7552K, reserved 1056768K
  class space    used 611K, capacity 624K, committed 640K, reserved 1048576K
Event: 4.160 GC heap after
Heap after GC invocations=10 (full 1):
 PSYoungGen      total 248320K, used 32234K [0x00000000eab00000, 0x00000000fd600000, 0x0000000100000000)
  eden space 216064K, 0% used [0x00000000eab00000,0x00000000eab00000,0x00000000f7e00000)
  from space 32256K, 99% used [0x00000000f9c00000,0x00000000fbb7a9a0,0x00000000fbb80000)
  to   space 27136K, 0% used [0x00000000fbb80000,0x00000000fbb80000,0x00000000fd600000)
 ParOldGen       total 88064K, used 64782K [0x00000000c0000000, 0x00000000c5600000, 0x00000000eab00000)
  object space 88064K, 73% used [0x00000000c0000000,0x00000000c3f43a58,0x00000000c5600000)
 Metaspace       used 6681K, capacity 7352K, committed 7552K, reserved 1056768K
  class space    used 611K, capacity 624K, committed 640K, reserved 1048576K
}
Event: 4.793 GC heap before
{Heap before GC invocations=11 (full 1):
 PSYoungGen      total 248320K, used 248298K [0x00000000eab00000, 0x00000000fd600000, 0x0000000100000000)
  eden space 216064K, 100% used [0x00000000eab00000,0x00000000f7e00000,0x00000000f7e00000)
  from space 32256K, 99% used [0x00000000f9c00000,0x00000000fbb7a9a0,0x00000000fbb80000)
  to   space 27136K, 0% used [0x00000000fbb80000,0x00000000fbb80000,0x00000000fd600000)
 ParOldGen       total 88064K, used 64782K [0x00000000c0000000, 0x00000000c5600000, 0x00000000eab00000)
  object space 88064K, 73% used [0x00000000c0000000,0x00000000c3f43a58,0x00000000c5600000)
 Metaspace       used 6693K, capacity 7352K, committed 7552K, reserved 1056768K
  class space    used 611K, capacity 624K, committed 640K, reserved 1048576K
Event: 4.903 GC heap after
Heap after GC invocations=11 (full 1):
 PSYoungGen      total 243200K, used 27136K [0x00000000eab00000, 0x00000000fd600000, 0x0000000100000000)
  eden space 216064K, 0% used [0x00000000eab00000,0x00000000eab00000,0x00000000f7e00000)
  from space 27136K, 100% used [0x00000000fbb80000,0x00000000fd600000,0x00000000fd600000)
  to   space 32256K, 0% used [0x00000000f9c00000,0x00000000f9c00000,0x00000000fbb80000)
 ParOldGen       total 102400K, used 102362K [0x00000000c0000000, 0x00000000c6400000, 0x00000000eab00000)
  object space 102400K, 99% used [0x00000000c0000000,0x00000000c63f6a20,0x00000000c6400000)
 Metaspace       used 6693K, capacity 7352K, committed 7552K, reserved 1056768K
  class space    used 611K, capacity 624K, committed 640K, reserved 1048576K
}
Event: 4.903 GC heap before
{Heap before GC invocations=12 (full 2):
 PSYoungGen      total 243200K, used 27136K [0x00000000eab00000, 0x00000000fd600000, 0x0000000100000000)
  eden space 216064K, 0% used [0x00000000eab00000,0x00000000eab00000,0x00000000f7e00000)
  from space 27136K, 100% used [0x00000000fbb80000,0x00000000fd600000,0x00000000fd600000)
  to   space 32256K, 0% used [0x00000000f9c00000,0x00000000f9c00000,0x00000000fbb80000)
 ParOldGen       total 102400K, used 102362K [0x00000000c0000000, 0x00000000c6400000, 0x00000000eab00000)
  object space 102400K, 99% used [0x00000000c0000000,0x00000000c63f6a20,0x00000000c6400000)
 Metaspace       used 6693K, capacity 7352K, committed 7552K, reserved 1056768K
  class space    used 611K, capacity 624K, committed 640K, reserved 1048576K
Event: 5.874 GC heap after
Heap after GC invocations=12 (full 2):
 PSYoungGen      total 243200K, used 23497K [0x00000000eab00000, 0x00000000fd600000, 0x0000000100000000)
  eden space 216064K, 0% used [0x00000000eab00000,0x00000000eab00000,0x00000000f7e00000)
  from space 27136K, 86% used [0x00000000fbb80000,0x00000000fd272408,0x00000000fd600000)
  to   space 32256K, 0% used [0x00000000f9c00000,0x00000000f9c00000,0x00000000fbb80000)
 ParOldGen       total 102400K, used 101979K [0x00000000c0000000, 0x00000000c6400000, 0x00000000eab00000)
  object space 102400K, 99% used [0x00000000c0000000,0x00000000c6396dc8,0x00000000c6400000)
 Metaspace       used 6693K, capacity 7352K, committed 7552K, reserved 1056768K
  class space    used 611K, capacity 624K, committed 640K, reserved 1048576K
}
Event: 6.473 GC heap before
{Heap before GC invocations=13 (full 3):
 PSYoungGen      total 243200K, used 239561K [0x00000000eab00000, 0x00000000fd600000, 0x0000000100000000)
  eden space 216064K, 100% used [0x00000000eab00000,0x00000000f7e00000,0x00000000f7e00000)
  from space 27136K, 86% used [0x00000000fbb80000,0x00000000fd272408,0x00000000fd600000)
  to   space 32256K, 0% used [0x00000000f9c00000,0x00000000f9c00000,0x00000000fbb80000)
 ParOldGen       total 102400K, used 101979K [0x00000000c0000000, 0x00000000c6400000, 0x00000000eab00000)
  object space 102400K, 99% used [0x00000000c0000000,0x00000000c6396dc8,0x00000000c6400000)
 Metaspace       used 6700K, capacity 7352K, committed 7552K, reserved 1056768K
  class space    used 611K, capacity 624K, committed 640K, reserved 1048576K
Event: 7.653 GC heap after
Heap after GC invocations=13 (full 3):
 PSYoungGen      total 243200K, used 52312K [0x00000000eab00000, 0x00000000fd600000, 0x0000000100000000)
  eden space 216064K, 24% used [0x00000000eab00000,0x00000000ede16238,0x00000000f7e00000)
  from space 27136K, 0% used [0x00000000fbb80000,0x00000000fbb80000,0x00000000fd600000)
  to   space 32256K, 0% used [0x00000000f9c00000,0x00000000f9c00000,0x00000000fbb80000)
 ParOldGen       total 102400K, used 102367K [0x00000000c0000000, 0x00000000c6400000, 0x00000000eab00000)
  object space 102400K, 99% used [0x00000000c0000000,0x00000000c63f7e38,0x00000000c6400000)
 Metaspace       used 6700K, capacity 7352K, committed 7552K, reserved 1056768K
  class space    used 611K, capacity 624K, committed 640K, reserved 1048576K
}

Deoptimization events (10 events):
Event: 3.130 Thread 0x000000000292e000 Uncommon trap: reason=unstable_if action=reinterpret pc=0x0000000003277888 method=com.android.dx.rop.code.RegisterSpecSet.<init>(I)V @ 2
Event: 3.131 Thread 0x000000000292e000 Uncommon trap: reason=unstable_if action=reinterpret pc=0x00000000031eda04 method=com.android.dx.rop.code.RegisterSpecSet.<init>(I)V @ 2
Event: 3.202 Thread 0x000000000292e000 Uncommon trap: reason=unstable_if action=reinterpret pc=0x00000000032846d0 method=java.util.concurrent.ConcurrentHashMap.putVal(Ljava/lang/Object;Ljava/lang/Object;Z)Ljava/lang/Object; @ 331
Event: 3.248 Thread 0x000000000292e000 Uncommon trap: reason=class_check action=maybe_recompile pc=0x00000000031aba30 method=java.util.concurrent.ConcurrentHashMap.get(Ljava/lang/Object;)Ljava/lang/Object; @ 93
Event: 3.248 Thread 0x000000000292e000 Uncommon trap: reason=class_check action=maybe_recompile pc=0x00000000031aba30 method=java.util.concurrent.ConcurrentHashMap.get(Ljava/lang/Object;)Ljava/lang/Object; @ 93
Event: 3.249 Thread 0x000000000292e000 Uncommon trap: reason=class_check action=maybe_recompile pc=0x00000000031f3c9c method=java.util.concurrent.ConcurrentHashMap.get(Ljava/lang/Object;)Ljava/lang/Object; @ 93
Event: 3.945 Thread 0x000000000292e000 Uncommon trap: reason=class_check action=maybe_recompile pc=0x0000000003217f1c method=java.util.HashMap.getNode(ILjava/lang/Object;)Ljava/util/HashMap$Node; @ 126
Event: 3.945 Thread 0x000000000292e000 Uncommon trap: reason=class_check action=maybe_recompile pc=0x0000000003217f1c method=java.util.HashMap.getNode(ILjava/lang/Object;)Ljava/util/HashMap$Node; @ 126
Event: 3.979 Thread 0x000000000292e000 Uncommon trap: reason=unstable_if action=reinterpret pc=0x000000000333aaf8 method=com.android.dx.ssa.NormalSsaInsn.getLocalAssignment()Lcom/android/dx/rop/code/RegisterSpec; @ 12
Event: 6.268 Thread 0x000000000292e000 Uncommon trap: reason=unstable_if action=reinterpret pc=0x0000000003329c74 method=java.util.HashMap.getNode(ILjava/lang/Object;)Ljava/util/HashMap$Node; @ 84

Classes redefined (0 events):
No events

Internal exceptions (6 events):
Event: 0.023 Thread 0x000000000292e000 Exception <a 'java/lang/NoSuchMethodError': Method sun.misc.Unsafe.defineClass(Ljava/lang/String;[BII)Ljava/lang/Class; name or signature does not match> (0x00000000eab07cb0) thrown at [D:\j\worksp~1\openjd~3\jdk8u\hotspot\src\share\vm\prims\jni.cpp, line
Event: 0.024 Thread 0x000000000292e000 Exception <a 'java/lang/NoSuchMethodError': Method sun.misc.Unsafe.prefetchRead(Ljava/lang/Object;J)V name or signature does not match> (0x00000000eab07f98) thrown at [D:\j\worksp~1\openjd~3\jdk8u\hotspot\src\share\vm\prims\jni.cpp, line 4012]
Event: 1.189 Thread 0x000000000292e000 Implicit null exception at 0x0000000002d14822 to 0x0000000002d1491a
Event: 3.238 Thread 0x000000000292e000 Exception <a 'java/lang/ArrayIndexOutOfBoundsException': 18> (0x00000000ee735a20) thrown at [D:\j\worksp~1\openjd~3\jdk8u\hotspot\src\share\vm\interpreter\interpreterRuntime.cpp, line 368]
Event: 3.238 Thread 0x000000000292e000 Exception <a 'java/lang/ArrayIndexOutOfBoundsException': 145> (0x00000000ee7375a0) thrown at [D:\j\worksp~1\openjd~3\jdk8u\hotspot\src\share\vm\interpreter\interpreterRuntime.cpp, line 368]
Event: 3.247 Thread 0x000000000292e000 Exception <a 'java/lang/ArrayIndexOutOfBoundsException'> (0x00000000ee738888) thrown at [D:\j\worksp~1\openjd~3\jdk8u\hotspot\src\share\vm\runtime\sharedRuntime.cpp, line 605]

Events (10 events):
Event: 7.908 Thread 0x000000000292e000 DEOPT PACKING pc=0x0000000002d34930 sp=0x00000000028edf90
Event: 7.908 Thread 0x000000000292e000 DEOPT UNPACKING pc=0x0000000002a775d0 sp=0x00000000028edcd8 mode 0
Event: 7.959 Thread 0x000000000292e000 DEOPT PACKING pc=0x0000000002e3972a sp=0x00000000028edf50
Event: 7.959 Thread 0x000000000292e000 DEOPT UNPACKING pc=0x0000000002a775d0 sp=0x00000000028edd80 mode 0
Event: 7.964 Thread 0x000000000292e000 DEOPT PACKING pc=0x0000000002d34874 sp=0x00000000028edf90
Event: 7.964 Thread 0x000000000292e000 DEOPT UNPACKING pc=0x0000000002a775d0 sp=0x00000000028edcd8 mode 0
Event: 8.002 Thread 0x000000000292e000 DEOPT PACKING pc=0x0000000002e3972a sp=0x00000000028edf50
Event: 8.002 Thread 0x000000000292e000 DEOPT UNPACKING pc=0x0000000002a775d0 sp=0x00000000028edd80 mode 0
Event: 8.016 Thread 0x0000000016cf5000 DEOPT PACKING pc=0x0000000002d34874 sp=0x000000001716e9a0
Event: 8.016 Thread 0x0000000016cf5000 DEOPT UNPACKING pc=0x0000000002a775d0 sp=0x000000001716e6e8 mode 0


Dynamic libraries:
0x00007ff700230000 - 0x00007ff700265000 	C:\Program Files\Android\Jdk\microsoft_dist_openjdk_1.8.0.25\bin\java.exe
0x00007ffc308a0000 - 0x00007ffc30a81000 	C:\Windows\SYSTEM32\ntdll.dll
0x00007ffc307b0000 - 0x00007ffc30862000 	C:\Windows\System32\KERNEL32.DLL
0x00007ffc2ccc0000 - 0x00007ffc2cf33000 	C:\Windows\System32\KERNELBASE.dll
0x00007ffc2fc00000 - 0x00007ffc2fca1000 	C:\Windows\System32\ADVAPI32.dll
0x00007ffc2e5f0000 - 0x00007ffc2e68e000 	C:\Windows\System32\msvcrt.dll
0x00007ffc303c0000 - 0x00007ffc3041b000 	C:\Windows\System32\sechost.dll
0x00007ffc30520000 - 0x00007ffc30644000 	C:\Windows\System32\RPCRT4.dll
0x00007ffc2e290000 - 0x00007ffc2e420000 	C:\Windows\System32\USER32.dll
0x00007ffc2d0e0000 - 0x00007ffc2d100000 	C:\Windows\System32\win32u.dll
0x00007ffc2ff40000 - 0x00007ffc2ff68000 	C:\Windows\System32\GDI32.dll
0x00007ffc2cf40000 - 0x00007ffc2d0d2000 	C:\Windows\System32\gdi32full.dll
0x00007ffc2dc90000 - 0x00007ffc2dd2f000 	C:\Windows\System32\msvcp_win.dll
0x00007ffc2da60000 - 0x00007ffc2db5a000 	C:\Windows\System32\ucrtbase.dll
0x00007ffc14370000 - 0x00007ffc145d9000 	C:\Windows\WinSxS\amd64_microsoft.windows.common-controls_6595b64144ccf1df_6.0.17134.137_none_fb44974530639b67\COMCTL32.dll
0x00007ffc2dd30000 - 0x00007ffc2e053000 	C:\Windows\System32\combase.dll
0x00007ffc2db60000 - 0x00007ffc2dbda000 	C:\Windows\System32\bcryptPrimitives.dll
0x00007ffc2e440000 - 0x00007ffc2e46d000 	C:\Windows\System32\IMM32.DLL
0x0000000053530000 - 0x0000000053601000 	C:\Program Files\Android\Jdk\microsoft_dist_openjdk_1.8.0.25\jre\bin\msvcr100.dll
0x0000000052ce0000 - 0x0000000053525000 	C:\Program Files\Android\Jdk\microsoft_dist_openjdk_1.8.0.25\jre\bin\server\jvm.dll
0x00007ffc2fd20000 - 0x00007ffc2fd28000 	C:\Windows\System32\PSAPI.DLL
0x00007ffc22010000 - 0x00007ffc22019000 	C:\Windows\SYSTEM32\WSOCK32.dll
0x00007ffc24e00000 - 0x00007ffc24e23000 	C:\Windows\SYSTEM32\WINMM.dll
0x00007ffc298b0000 - 0x00007ffc298ba000 	C:\Windows\SYSTEM32\VERSION.dll
0x00007ffc30740000 - 0x00007ffc307ac000 	C:\Windows\System32\WS2_32.dll
0x00007ffc24ba0000 - 0x00007ffc24bca000 	C:\Windows\SYSTEM32\winmmbase.dll
0x00007ffc2cc70000 - 0x00007ffc2ccb9000 	C:\Windows\System32\cfgmgr32.dll
0x00007ffc23cd0000 - 0x00007ffc23cdf000 	C:\Program Files\Android\Jdk\microsoft_dist_openjdk_1.8.0.25\jre\bin\verify.dll
0x00007ffc21fb0000 - 0x00007ffc21fd9000 	C:\Program Files\Android\Jdk\microsoft_dist_openjdk_1.8.0.25\jre\bin\java.dll
0x00007ffc21f90000 - 0x00007ffc21fa6000 	C:\Program Files\Android\Jdk\microsoft_dist_openjdk_1.8.0.25\jre\bin\zip.dll
0x00007ffc2e7c0000 - 0x00007ffc2fc00000 	C:\Windows\System32\SHELL32.dll
0x00007ffc2e690000 - 0x00007ffc2e739000 	C:\Windows\System32\shcore.dll
0x00007ffc2d2f0000 - 0x00007ffc2d9fd000 	C:\Windows\System32\windows.storage.dll
0x00007ffc2fd30000 - 0x00007ffc2fd81000 	C:\Windows\System32\shlwapi.dll
0x00007ffc2cc00000 - 0x00007ffc2cc11000 	C:\Windows\System32\kernel.appcore.dll
0x00007ffc2cbc0000 - 0x00007ffc2cbdf000 	C:\Windows\System32\profapi.dll
0x00007ffc2cc20000 - 0x00007ffc2cc6c000 	C:\Windows\System32\powrprof.dll
0x00007ffc2cbb0000 - 0x00007ffc2cbba000 	C:\Windows\System32\FLTLIB.DLL

VM Arguments:
jvm_args: -Dfile.encoding=UTF8 -Xmx1G 
java_command: C:\Program Files (x86)\Android\android-sdk\build-tools\28.0.3\\lib\dx.jar --dex --no-strict --input-list=C:\Temp\tmp6489.tmp --output obj\Debug\90\android\bin
java_class_path (initial): C:\Program Files (x86)\Android\android-sdk\build-tools\28.0.3\\lib\dx.jar
Launcher Type: SUN_STANDARD

Environment Variables:
PATH=C:\Program Files\Android\Jdk\microsoft_dist_openjdk_1.8.0.25\bin;C:\Windows\system32;C:\Windows;C:\Windows\System32\Wbem;C:\Windows\System32\WindowsPowerShell\v1.0\;C:\Program Files (x86)\NVIDIA Corporation\PhysX\Common;C:\Program Files\dotnet\;C:\Program Files (x86)\GitExtensions\;D:\Git\cmd;C:\Users\kobri\AppData\Local\Microsoft\WindowsApps;C:\Users\kobri\AppData\Local\GitHubDesktop\bin;C:\Users\kobri\.dotnet\tools
USERNAME=kobri
OS=Windows_NT
PROCESSOR_IDENTIFIER=Intel64 Family 6 Model 142 Stepping 9, GenuineIntel



---------------  S Y S T E M  ---------------

OS: Windows 10.0 , 64 bit Build 17134 (10.0.17134.1)

CPU:total 4 (initial active 4) (2 cores per cpu, 2 threads per core) family 6 model 142 stepping 9, cmov, cx8, fxsr, mmx, sse, sse2, sse3, ssse3, sse4.1, sse4.2, popcnt, avx, avx2, aes, clmul, erms, 3dnowpref, lzcnt, ht, tsc, tscinvbit, bmi1, bmi2, adx

Memory: 4k page, physical 4065932k(630672k free), swap 4328076k(5156k free)

vm_info: OpenJDK 64-Bit Server VM (25.71-b00) for windows-amd64 JRE (1.8.0-25-microsoft-b00), built on Feb  7 2019 20:09:14 by "builder" with MS VC++ 10.0 (VS2010)

time: Sun Feb 16 21:27:05 2020
timezone: RTZ 2 (зима)
elapsed time: 8 seconds (0d 0h 0m 8s)

