#
# There is insufficient memory for the Java Runtime Environment to continue.
# Native memory allocation (malloc) failed to allocate 859456 bytes for Chunk::new
# Possible reasons:
#   The system is out of physical RAM or swap space
#   The process is running with CompressedOops enabled, and the Java Heap may be blocking the growth of the native heap
# Possible solutions:
#   Reduce memory load on the system
#   Increase physical memory or swap space
#   Check if swap backing store is full
#   Decrease Java heap size (-Xmx/-Xms)
#   Decrease number of Java threads
#   Decrease Java thread stack sizes (-Xss)
#   Set larger code cache with -XX:ReservedCodeCacheSize=
#   JVM is running with Unscaled Compressed Oops mode in which the Java heap is
#     placed in the first 4GB address space. The Java Heap base address is the
#     maximum limit for the native heap growth. Please use -XX:HeapBaseMinAddress
#     to set the Java Heap base and to place the Java Heap above 4GB virtual address.
# This output file may be truncated or incomplete.
#
#  Out of Memory Error (allocation.cpp:389), pid=9064, tid=0x0000000000001e38
#
# JRE version: OpenJDK Runtime Environment (8.0) (build 1.8.0-25-microsoft-b00)
# Java VM: OpenJDK 64-Bit Server VM (25.71-b00 mixed mode windows-amd64 compressed oops)
# Failed to write core dump. Minidumps are not enabled by default on client versions of Windows
#

---------------  T H R E A D  ---------------

Current thread (0x0000000014cda000):  JavaThread "C2 CompilerThread1" daemon [_thread_in_native, id=7736, stack(0x0000000016430000,0x0000000016530000)]

Stack: [0x0000000016430000,0x0000000016530000]
[error occurred during error reporting (printing stack bounds), id 0xc0000005]

Native frames: (J=compiled Java code, j=interpreted, Vv=VM code, C=native code)


Current CompileTask:
C2:   8519 2333       4       com.android.dx.ssa.DeadCodeRemover::run (194 bytes)


---------------  P R O C E S S  ---------------

Java Threads: ( => current thread )
  0x0000000016877800 JavaThread "pool-2-thread-1" [_thread_blocked, id=5852, stack(0x0000000016d30000,0x0000000016e30000)]
  0x0000000016876800 JavaThread "pool-1-thread-1" [_thread_blocked, id=3388, stack(0x0000000016c30000,0x0000000016d30000)]
  0x0000000016658800 JavaThread "Service Thread" daemon [_thread_blocked, id=5380, stack(0x0000000016a30000,0x0000000016b30000)]
  0x0000000014ce2000 JavaThread "C1 CompilerThread2" daemon [_thread_blocked, id=1376, stack(0x0000000016530000,0x0000000016630000)]
=>0x0000000014cda000 JavaThread "C2 CompilerThread1" daemon [_thread_in_native, id=7736, stack(0x0000000016430000,0x0000000016530000)]
  0x0000000014cd6800 JavaThread "C2 CompilerThread0" daemon [_thread_in_native, id=6480, stack(0x0000000016330000,0x0000000016430000)]
  0x0000000014cd5800 JavaThread "Attach Listener" daemon [_thread_blocked, id=8556, stack(0x0000000016230000,0x0000000016330000)]
  0x0000000014cd4000 JavaThread "Signal Dispatcher" daemon [_thread_blocked, id=2868, stack(0x0000000016130000,0x0000000016230000)]
  0x00000000025fa800 JavaThread "Finalizer" daemon [_thread_blocked, id=4016, stack(0x0000000015f30000,0x0000000016030000)]
  0x0000000014cb9800 JavaThread "Reference Handler" daemon [_thread_blocked, id=8492, stack(0x0000000015e30000,0x0000000015f30000)]
  0x00000000024fe000 JavaThread "main" [_thread_in_Java, id=7888, stack(0x0000000002370000,0x0000000002470000)]

Other Threads:
  0x0000000014c96800 VMThread [stack: 0x0000000015d30000,0x0000000015e30000] [id=3840]
  0x0000000014d2e000 WatcherThread [stack: 0x0000000016b30000,0x0000000016c30000] [id=8576]

VM state:not at safepoint (normal execution)

VM Mutex/Monitor currently owned by a thread: None

heap address: 0x00000000c0000000, size: 1024 MB, Compressed Oops mode: 32-bit
Narrow klass base: 0x0000000000000000, Narrow klass shift: 3
Compressed class space size: 1073741824 Address: 0x0000000100000000

Heap:
 PSYoungGen      total 220672K, used 101975K [0x00000000eab00000, 0x00000000fb680000, 0x0000000100000000)
  eden space 188928K, 53% used [0x00000000eab00000,0x00000000f0e95c10,0x00000000f6380000)
  from space 31744K, 0% used [0x00000000f6500000,0x00000000f6500000,0x00000000f8400000)
  to   space 42496K, 0% used [0x00000000f8d00000,0x00000000f8d00000,0x00000000fb680000)
 ParOldGen       total 147456K, used 146221K [0x00000000c0000000, 0x00000000c9000000, 0x00000000eab00000)
  object space 147456K, 99% used [0x00000000c0000000,0x00000000c8ecb670,0x00000000c9000000)
 Metaspace       used 6700K, capacity 7352K, committed 7552K, reserved 1056768K
  class space    used 611K, capacity 624K, committed 640K, reserved 1048576K

Card table byte_map: [0x00000000119c0000,0x0000000011bd0000] byte_map_base: 0x00000000113c0000

Marking Bits: (ParMarkBitMap*) 0x0000000058198f30
 Begin Bits: [0x0000000012130000, 0x0000000013130000)
 End Bits:   [0x0000000013130000, 0x0000000014130000)

Polling page: 0x0000000000a30000

CodeCache: size=245760Kb used=10030Kb max_used=10052Kb free=235729Kb
 bounds [0x0000000002600000, 0x0000000002fe0000, 0x0000000011600000]
 total_blobs=2533 nmethods=2257 adapters=189
 compilation: enabled

Compilation events (10 events):
Event: 8.335 Thread 0x0000000014ce2000 2374       2       java.util.concurrent.locks.AbstractQueuedSynchronizer::enq (58 bytes)
Event: 8.336 Thread 0x0000000014ce2000 nmethod 2374 0x0000000002fbbb50 code [0x0000000002fbbcc0, 0x0000000002fbbfb0]
Event: 8.366 Thread 0x0000000014cda000 nmethod 2341 0x0000000002fd2b90 code [0x0000000002fd2ee0, 0x0000000002fd6cc8]
Event: 8.366 Thread 0x0000000014cda000 2373       4       java.util.HashMap::get (23 bytes)
Event: 8.371 Thread 0x0000000014cda000 nmethod 2373 0x0000000002fcf390 code [0x0000000002fcf500, 0x0000000002fcf8a8]
Event: 8.371 Thread 0x0000000014cda000 2333       4       com.android.dx.ssa.DeadCodeRemover::run (194 bytes)
Event: 8.412 Thread 0x0000000014ce2000 2380       3       java.util.concurrent.ConcurrentHashMap::sumCount (48 bytes)
Event: 8.412 Thread 0x0000000014ce2000 nmethod 2380 0x0000000002fbb610 code [0x0000000002fbb780, 0x0000000002fbba30]
Event: 8.492 Thread 0x0000000014ce2000 2383       1       com.android.dx.cf.attrib.BaseAnnotations::byteLength (8 bytes)
Event: 8.492 Thread 0x0000000014ce2000 nmethod 2383 0x0000000002fd28d0 code [0x0000000002fd2a20, 0x0000000002fd2b30]

GC Heap History (10 events):
Event: 4.201 GC heap before
{Heap before GC invocations=12 (full 1):
 PSYoungGen      total 178176K, used 177703K [0x00000000eab00000, 0x00000000fa300000, 0x0000000100000000)
  eden space 151552K, 100% used [0x00000000eab00000,0x00000000f3f00000,0x00000000f3f00000)
  from space 26624K, 98% used [0x00000000f8900000,0x00000000fa289f10,0x00000000fa300000)
  to   space 31744K, 0% used [0x00000000f6500000,0x00000000f6500000,0x00000000f8400000)
 ParOldGen       total 81920K, used 49515K [0x00000000c0000000, 0x00000000c5000000, 0x00000000eab00000)
  object space 81920K, 60% used [0x00000000c0000000,0x00000000c305acf8,0x00000000c5000000)
 Metaspace       used 6685K, capacity 7352K, committed 7552K, reserved 1056768K
  class space    used 611K, capacity 624K, committed 640K, reserved 1048576K
Event: 4.272 GC heap after
Heap after GC invocations=12 (full 1):
 PSYoungGen      total 220672K, used 31736K [0x00000000eab00000, 0x00000000fb680000, 0x0000000100000000)
  eden space 188928K, 0% used [0x00000000eab00000,0x00000000eab00000,0x00000000f6380000)
  from space 31744K, 99% used [0x00000000f6500000,0x00000000f83fe240,0x00000000f8400000)
  to   space 42496K, 0% used [0x00000000f8d00000,0x00000000f8d00000,0x00000000fb680000)
 ParOldGen       total 81920K, used 64573K [0x00000000c0000000, 0x00000000c5000000, 0x00000000eab00000)
  object space 81920K, 78% used [0x00000000c0000000,0x00000000c3f0f548,0x00000000c5000000)
 Metaspace       used 6685K, capacity 7352K, committed 7552K, reserved 1056768K
  class space    used 611K, capacity 624K, committed 640K, reserved 1048576K
}
Event: 4.817 GC heap before
{Heap before GC invocations=13 (full 1):
 PSYoungGen      total 220672K, used 220664K [0x00000000eab00000, 0x00000000fb680000, 0x0000000100000000)
  eden space 188928K, 100% used [0x00000000eab00000,0x00000000f6380000,0x00000000f6380000)
  from space 31744K, 99% used [0x00000000f6500000,0x00000000f83fe240,0x00000000f8400000)
  to   space 42496K, 0% used [0x00000000f8d00000,0x00000000f8d00000,0x00000000fb680000)
 ParOldGen       total 81920K, used 64573K [0x00000000c0000000, 0x00000000c5000000, 0x00000000eab00000)
  object space 81920K, 78% used [0x00000000c0000000,0x00000000c3f0f548,0x00000000c5000000)
 Metaspace       used 6695K, capacity 7352K, committed 7552K, reserved 1056768K
  class space    used 611K, capacity 624K, committed 640K, reserved 1048576K
Event: 4.933 GC heap after
Heap after GC invocations=13 (full 1):
 PSYoungGen      total 231424K, used 42473K [0x00000000eab00000, 0x00000000fb680000, 0x0000000100000000)
  eden space 188928K, 0% used [0x00000000eab00000,0x00000000eab00000,0x00000000f6380000)
  from space 42496K, 99% used [0x00000000f8d00000,0x00000000fb67a558,0x00000000fb680000)
  to   space 31744K, 0% used [0x00000000f6500000,0x00000000f6500000,0x00000000f8400000)
 ParOldGen       total 82944K, used 82493K [0x00000000c0000000, 0x00000000c5100000, 0x00000000eab00000)
  object space 82944K, 99% used [0x00000000c0000000,0x00000000c508f478,0x00000000c5100000)
 Metaspace       used 6695K, capacity 7352K, committed 7552K, reserved 1056768K
  class space    used 611K, capacity 624K, committed 640K, reserved 1048576K
}
Event: 4.934 GC heap before
{Heap before GC invocations=14 (full 2):
 PSYoungGen      total 231424K, used 42473K [0x00000000eab00000, 0x00000000fb680000, 0x0000000100000000)
  eden space 188928K, 0% used [0x00000000eab00000,0x00000000eab00000,0x00000000f6380000)
  from space 42496K, 99% used [0x00000000f8d00000,0x00000000fb67a558,0x00000000fb680000)
  to   space 31744K, 0% used [0x00000000f6500000,0x00000000f6500000,0x00000000f8400000)
 ParOldGen       total 82944K, used 82493K [0x00000000c0000000, 0x00000000c5100000, 0x00000000eab00000)
  object space 82944K, 99% used [0x00000000c0000000,0x00000000c508f478,0x00000000c5100000)
 Metaspace       used 6695K, capacity 7352K, committed 7552K, reserved 1056768K
  class space    used 611K, capacity 624K, committed 640K, reserved 1048576K
Event: 6.350 GC heap after
Heap after GC invocations=14 (full 2):
 PSYoungGen      total 231424K, used 39153K [0x00000000eab00000, 0x00000000fb680000, 0x0000000100000000)
  eden space 188928K, 0% used [0x00000000eab00000,0x00000000eab00000,0x00000000f6380000)
  from space 42496K, 92% used [0x00000000f8d00000,0x00000000fb33c4c8,0x00000000fb680000)
  to   space 31744K, 0% used [0x00000000f6500000,0x00000000f6500000,0x00000000f8400000)
 ParOldGen       total 147456K, used 82899K [0x00000000c0000000, 0x00000000c9000000, 0x00000000eab00000)
  object space 147456K, 56% used [0x00000000c0000000,0x00000000c50f4f58,0x00000000c9000000)
 Metaspace       used 6695K, capacity 7352K, committed 7552K, reserved 1056768K
  class space    used 611K, capacity 624K, committed 640K, reserved 1048576K
}
Event: 6.934 GC heap before
{Heap before GC invocations=15 (full 2):
 PSYoungGen      total 231424K, used 228081K [0x00000000eab00000, 0x00000000fb680000, 0x0000000100000000)
  eden space 188928K, 100% used [0x00000000eab00000,0x00000000f6380000,0x00000000f6380000)
  from space 42496K, 92% used [0x00000000f8d00000,0x00000000fb33c4c8,0x00000000fb680000)
  to   space 31744K, 0% used [0x00000000f6500000,0x00000000f6500000,0x00000000f8400000)
 ParOldGen       total 147456K, used 82899K [0x00000000c0000000, 0x00000000c9000000, 0x00000000eab00000)
  object space 147456K, 56% used [0x00000000c0000000,0x00000000c50f4f58,0x00000000c9000000)
 Metaspace       used 6696K, capacity 7352K, committed 7552K, reserved 1056768K
  class space    used 611K, capacity 624K, committed 640K, reserved 1048576K
Event: 7.055 GC heap after
Heap after GC invocations=15 (full 2):
 PSYoungGen      total 220672K, used 26535K [0x00000000eab00000, 0x00000000fb680000, 0x0000000100000000)
  eden space 188928K, 0% used [0x00000000eab00000,0x00000000eab00000,0x00000000f6380000)
  from space 31744K, 83% used [0x00000000f6500000,0x00000000f7ee9cf8,0x00000000f8400000)
  to   space 42496K, 0% used [0x00000000f8d00000,0x00000000f8d00000,0x00000000fb680000)
 ParOldGen       total 147456K, used 122052K [0x00000000c0000000, 0x00000000c9000000, 0x00000000eab00000)
  object space 147456K, 82% used [0x00000000c0000000,0x00000000c7731120,0x00000000c9000000)
 Metaspace       used 6696K, capacity 7352K, committed 7552K, reserved 1056768K
  class space    used 611K, capacity 624K, committed 640K, reserved 1048576K
}
Event: 7.055 GC heap before
{Heap before GC invocations=16 (full 3):
 PSYoungGen      total 220672K, used 26535K [0x00000000eab00000, 0x00000000fb680000, 0x0000000100000000)
  eden space 188928K, 0% used [0x00000000eab00000,0x00000000eab00000,0x00000000f6380000)
  from space 31744K, 83% used [0x00000000f6500000,0x00000000f7ee9cf8,0x00000000f8400000)
  to   space 42496K, 0% used [0x00000000f8d00000,0x00000000f8d00000,0x00000000fb680000)
 ParOldGen       total 147456K, used 122052K [0x00000000c0000000, 0x00000000c9000000, 0x00000000eab00000)
  object space 147456K, 82% used [0x00000000c0000000,0x00000000c7731120,0x00000000c9000000)
 Metaspace       used 6696K, capacity 7352K, committed 7552K, reserved 1056768K
  class space    used 611K, capacity 624K, committed 640K, reserved 1048576K
Event: 8.242 GC heap after
Heap after GC invocations=16 (full 3):
 PSYoungGen      total 220672K, used 0K [0x00000000eab00000, 0x00000000fb680000, 0x0000000100000000)
  eden space 188928K, 0% used [0x00000000eab00000,0x00000000eab00000,0x00000000f6380000)
  from space 31744K, 0% used [0x00000000f6500000,0x00000000f6500000,0x00000000f8400000)
  to   space 42496K, 0% used [0x00000000f8d00000,0x00000000f8d00000,0x00000000fb680000)
 ParOldGen       total 147456K, used 146221K [0x00000000c0000000, 0x00000000c9000000, 0x00000000eab00000)
  object space 147456K, 99% used [0x00000000c0000000,0x00000000c8ecb670,0x00000000c9000000)
 Metaspace       used 6696K, capacity 7352K, committed 7552K, reserved 1056768K
  class space    used 611K, capacity 624K, committed 640K, reserved 1048576K
}

Deoptimization events (10 events):
Event: 3.331 Thread 0x00000000024fe000 Uncommon trap: reason=unstable_if action=reinterpret pc=0x0000000002da99dc method=java.util.concurrent.ConcurrentHashMap.putVal(Ljava/lang/Object;Ljava/lang/Object;Z)Ljava/lang/Object; @ 331
Event: 3.338 Thread 0x00000000024fe000 Uncommon trap: reason=class_check action=maybe_recompile pc=0x0000000002dfd060 method=java.util.concurrent.ConcurrentHashMap.get(Ljava/lang/Object;)Ljava/lang/Object; @ 93
Event: 3.338 Thread 0x00000000024fe000 Uncommon trap: reason=class_check action=maybe_recompile pc=0x0000000002dfd060 method=java.util.concurrent.ConcurrentHashMap.get(Ljava/lang/Object;)Ljava/lang/Object; @ 93
Event: 3.476 Thread 0x0000000016876800 Uncommon trap: reason=unstable_if action=reinterpret pc=0x0000000002eacb54 method=com.android.dx.rop.code.RegisterSpec.equals(ILcom/android/dx/rop/type/TypeBearer;Lcom/android/dx/rop/code/LocalItem;)Z @ 42
Event: 4.079 Thread 0x00000000024fe000 Uncommon trap: reason=class_check action=maybe_recompile pc=0x0000000002e945dc method=java.util.HashMap.getNode(ILjava/lang/Object;)Ljava/util/HashMap$Node; @ 126
Event: 4.079 Thread 0x00000000024fe000 Uncommon trap: reason=class_check action=maybe_recompile pc=0x0000000002e945dc method=java.util.HashMap.getNode(ILjava/lang/Object;)Ljava/util/HashMap$Node; @ 126
Event: 4.159 Thread 0x0000000016876800 Uncommon trap: reason=unstable_if action=reinterpret pc=0x0000000002f444a4 method=com.android.dx.ssa.NormalSsaInsn.getLocalAssignment()Lcom/android/dx/rop/code/RegisterSpec; @ 12
Event: 4.301 Thread 0x00000000024fe000 Uncommon trap: reason=class_check action=maybe_recompile pc=0x0000000002e945dc method=java.util.HashMap.getNode(ILjava/lang/Object;)Ljava/util/HashMap$Node; @ 126
Event: 4.301 Thread 0x00000000024fe000 Uncommon trap: reason=class_check action=maybe_recompile pc=0x0000000002e945dc method=java.util.HashMap.getNode(ILjava/lang/Object;)Ljava/util/HashMap$Node; @ 126
Event: 6.888 Thread 0x00000000024fe000 Uncommon trap: reason=unstable_if action=reinterpret pc=0x0000000002f481b4 method=java.util.HashMap.getNode(ILjava/lang/Object;)Ljava/util/HashMap$Node; @ 84

Classes redefined (0 events):
No events

Internal exceptions (6 events):
Event: 0.022 Thread 0x00000000024fe000 Exception <a 'java/lang/NoSuchMethodError': Method sun.misc.Unsafe.defineClass(Ljava/lang/String;[BII)Ljava/lang/Class; name or signature does not match> (0x00000000eab07cb0) thrown at [D:\j\worksp~1\openjd~3\jdk8u\hotspot\src\share\vm\prims\jni.cpp, line
Event: 0.022 Thread 0x00000000024fe000 Exception <a 'java/lang/NoSuchMethodError': Method sun.misc.Unsafe.prefetchRead(Ljava/lang/Object;J)V name or signature does not match> (0x00000000eab07f98) thrown at [D:\j\worksp~1\openjd~3\jdk8u\hotspot\src\share\vm\prims\jni.cpp, line 4012]
Event: 1.244 Thread 0x0000000016876800 Implicit null exception at 0x00000000028e30e2 to 0x00000000028e31da
Event: 3.333 Thread 0x00000000024fe000 Exception <a 'java/lang/ArrayIndexOutOfBoundsException': 18> (0x00000000ed005320) thrown at [D:\j\worksp~1\openjd~3\jdk8u\hotspot\src\share\vm\interpreter\interpreterRuntime.cpp, line 368]
Event: 3.334 Thread 0x00000000024fe000 Exception <a 'java/lang/ArrayIndexOutOfBoundsException'> (0x00000000ed259a50) thrown at [D:\j\worksp~1\openjd~3\jdk8u\hotspot\src\share\vm\runtime\sharedRuntime.cpp, line 605]
Event: 3.337 Thread 0x00000000024fe000 Exception <a 'java/lang/ArrayIndexOutOfBoundsException'> (0x00000000ed25ad38) thrown at [D:\j\worksp~1\openjd~3\jdk8u\hotspot\src\share\vm\runtime\sharedRuntime.cpp, line 605]

Events (10 events):
Event: 8.303 Thread 0x00000000024fe000 DEOPT PACKING pc=0x000000000293917f sp=0x000000000246dfb0
Event: 8.303 Thread 0x00000000024fe000 DEOPT UNPACKING pc=0x00000000026475d0 sp=0x000000000246dcf8 mode 0
Event: 8.353 Thread 0x00000000024fe000 DEOPT PACKING pc=0x0000000002939134 sp=0x000000000246df00
Event: 8.353 Thread 0x00000000024fe000 DEOPT UNPACKING pc=0x00000000026475d0 sp=0x000000000246dc48 mode 0
Event: 8.397 Thread 0x0000000016876800 DEOPT PACKING pc=0x00000000029391f0 sp=0x0000000016d2eb50
Event: 8.397 Thread 0x0000000016876800 DEOPT UNPACKING pc=0x00000000026475d0 sp=0x0000000016d2e898 mode 0
Event: 8.456 Thread 0x00000000024fe000 DEOPT PACKING pc=0x00000000029391f0 sp=0x000000000246dfb0
Event: 8.456 Thread 0x00000000024fe000 DEOPT UNPACKING pc=0x00000000026475d0 sp=0x000000000246dcf8 mode 0
Event: 8.508 Thread 0x00000000024fe000 DEOPT PACKING pc=0x00000000029391f0 sp=0x000000000246dfb0
Event: 8.508 Thread 0x00000000024fe000 DEOPT UNPACKING pc=0x00000000026475d0 sp=0x000000000246dcf8 mode 0


Dynamic libraries:
0x00007ff672b50000 - 0x00007ff672b85000 	C:\Program Files\Android\Jdk\microsoft_dist_openjdk_1.8.0.25\bin\java.exe
0x00007ffede4b0000 - 0x00007ffede691000 	C:\Windows\SYSTEM32\ntdll.dll
0x00007ffeddf70000 - 0x00007ffede022000 	C:\Windows\System32\KERNEL32.DLL
0x00007ffedb640000 - 0x00007ffedb8b3000 	C:\Windows\System32\KERNELBASE.dll
0x00007ffedb940000 - 0x00007ffedb9e1000 	C:\Windows\System32\ADVAPI32.dll
0x00007ffedbd40000 - 0x00007ffedbdde000 	C:\Windows\System32\msvcrt.dll
0x00007ffedbe40000 - 0x00007ffedbe9b000 	C:\Windows\System32\sechost.dll
0x00007ffedde40000 - 0x00007ffeddf64000 	C:\Windows\System32\RPCRT4.dll
0x00007ffedbac0000 - 0x00007ffedbc50000 	C:\Windows\System32\USER32.dll
0x00007ffedac80000 - 0x00007ffedaca0000 	C:\Windows\System32\win32u.dll
0x00007ffedc0a0000 - 0x00007ffedc0c8000 	C:\Windows\System32\GDI32.dll
0x00007ffedb450000 - 0x00007ffedb5e2000 	C:\Windows\System32\gdi32full.dll
0x00007ffedb3b0000 - 0x00007ffedb44f000 	C:\Windows\System32\msvcp_win.dll
0x00007ffedab80000 - 0x00007ffedac7a000 	C:\Windows\System32\ucrtbase.dll
0x00007ffeca480000 - 0x00007ffeca6e9000 	C:\Windows\WinSxS\amd64_microsoft.windows.common-controls_6595b64144ccf1df_6.0.17134.137_none_fb44974530639b67\COMCTL32.dll
0x00007ffedc5b0000 - 0x00007ffedc8d3000 	C:\Windows\System32\combase.dll
0x00007ffedb8c0000 - 0x00007ffedb93a000 	C:\Windows\System32\bcryptPrimitives.dll
0x00007ffedc570000 - 0x00007ffedc59d000 	C:\Windows\System32\IMM32.DLL
0x0000000058220000 - 0x00000000582f1000 	C:\Program Files\Android\Jdk\microsoft_dist_openjdk_1.8.0.25\jre\bin\msvcr100.dll
0x00000000579d0000 - 0x0000000058215000 	C:\Program Files\Android\Jdk\microsoft_dist_openjdk_1.8.0.25\jre\bin\server\jvm.dll
0x00007ffedc9f0000 - 0x00007ffedc9f8000 	C:\Windows\System32\PSAPI.DLL
0x00007ffec7500000 - 0x00007ffec7509000 	C:\Windows\SYSTEM32\WSOCK32.dll
0x00007ffed6ae0000 - 0x00007ffed6aea000 	C:\Windows\SYSTEM32\VERSION.dll
0x00007ffed8a30000 - 0x00007ffed8a53000 	C:\Windows\SYSTEM32\WINMM.dll
0x00007ffedc980000 - 0x00007ffedc9ec000 	C:\Windows\System32\WS2_32.dll
0x00007ffed8900000 - 0x00007ffed892a000 	C:\Windows\SYSTEM32\WINMMBASE.dll
0x00007ffedb5f0000 - 0x00007ffedb639000 	C:\Windows\System32\cfgmgr32.dll
0x00007ffed03a0000 - 0x00007ffed03af000 	C:\Program Files\Android\Jdk\microsoft_dist_openjdk_1.8.0.25\jre\bin\verify.dll
0x00007ffec9b90000 - 0x00007ffec9bb9000 	C:\Program Files\Android\Jdk\microsoft_dist_openjdk_1.8.0.25\jre\bin\java.dll
0x00007ffec3a50000 - 0x00007ffec3a66000 	C:\Program Files\Android\Jdk\microsoft_dist_openjdk_1.8.0.25\jre\bin\zip.dll
0x00007ffedca00000 - 0x00007ffedde40000 	C:\Windows\System32\SHELL32.dll
0x00007ffedbeb0000 - 0x00007ffedbf59000 	C:\Windows\System32\shcore.dll
0x00007ffedaca0000 - 0x00007ffedb3ad000 	C:\Windows\System32\windows.storage.dll
0x00007ffedbfc0000 - 0x00007ffedc011000 	C:\Windows\System32\shlwapi.dll
0x00007ffeda800000 - 0x00007ffeda811000 	C:\Windows\System32\kernel.appcore.dll
0x00007ffeda7c0000 - 0x00007ffeda7df000 	C:\Windows\System32\profapi.dll
0x00007ffeda830000 - 0x00007ffeda87c000 	C:\Windows\System32\powrprof.dll
0x00007ffeda820000 - 0x00007ffeda82a000 	C:\Windows\System32\FLTLIB.DLL

VM Arguments:
jvm_args: -Dfile.encoding=UTF8 -Xmx1G 
java_command: C:\Program Files (x86)\Android\android-sdk\build-tools\28.0.3\\lib\dx.jar --dex --no-strict --input-list=C:\Temp\tmp405A.tmp --output obj\Debug\90\android\bin
java_class_path (initial): C:\Program Files (x86)\Android\android-sdk\build-tools\28.0.3\\lib\dx.jar
Launcher Type: SUN_STANDARD

Environment Variables:
PATH=C:\Program Files\Android\Jdk\microsoft_dist_openjdk_1.8.0.25\bin;C:\Windows\system32;C:\Windows;C:\Windows\System32\Wbem;C:\Windows\System32\WindowsPowerShell\v1.0\;C:\Program Files (x86)\NVIDIA Corporation\PhysX\Common;C:\Program Files\dotnet\;C:\Program Files (x86)\GitExtensions\;D:\Git\cmd;C:\Users\kobri\AppData\Local\Microsoft\WindowsApps;C:\Users\kobri\AppData\Local\GitHubDesktop\bin;C:\Users\kobri\.dotnet\tools
USERNAME=kobri
OS=Windows_NT
PROCESSOR_IDENTIFIER=Intel64 Family 6 Model 142 Stepping 9, GenuineIntel



---------------  S Y S T E M  ---------------

OS: Windows 10.0 , 64 bit Build 17134 (10.0.17134.1)

CPU:total 4 (initial active 4) (2 cores per cpu, 2 threads per core) family 6 model 142 stepping 9, cmov, cx8, fxsr, mmx, sse, sse2, sse3, ssse3, sse4.1, sse4.2, popcnt, avx, avx2, aes, clmul, erms, 3dnowpref, lzcnt, ht, tsc, tscinvbit, bmi1, bmi2, adx

Memory: 4k page, physical 4065932k(629448k free), swap 4328044k(5612k free)

vm_info: OpenJDK 64-Bit Server VM (25.71-b00) for windows-amd64 JRE (1.8.0-25-microsoft-b00), built on Feb  7 2019 20:09:14 by "builder" with MS VC++ 10.0 (VS2010)

time: Sat Feb 22 23:48:06 2020
timezone: RTZ 2 (зима)
elapsed time: 8 seconds (0d 0h 0m 8s)

