#
# There is insufficient memory for the Java Runtime Environment to continue.
# Native memory allocation (malloc) failed to allocate 2275856 bytes for Chunk::new
# Possible reasons:
#   The system is out of physical RAM or swap space
#   The process is running with CompressedOops enabled, and the Java Heap may be blocking the growth of the native heap
# Possible solutions:
#   Reduce memory load on the system
#   Increase physical memory or swap space
#   Check if swap backing store is full
#   Decrease Java heap size (-Xmx/-Xms)
#   Decrease number of Java threads
#   Decrease Java thread stack sizes (-Xss)
#   Set larger code cache with -XX:ReservedCodeCacheSize=
#   JVM is running with Unscaled Compressed Oops mode in which the Java heap is
#     placed in the first 4GB address space. The Java Heap base address is the
#     maximum limit for the native heap growth. Please use -XX:HeapBaseMinAddress
#     to set the Java Heap base and to place the Java Heap above 4GB virtual address.
# This output file may be truncated or incomplete.
#
#  Out of Memory Error (allocation.cpp:389), pid=5188, tid=0x0000000000001f34
#
# JRE version: OpenJDK Runtime Environment (8.0) (build 1.8.0-25-microsoft-b00)
# Java VM: OpenJDK 64-Bit Server VM (25.71-b00 mixed mode windows-amd64 compressed oops)
# Failed to write core dump. Minidumps are not enabled by default on client versions of Windows
#

---------------  T H R E A D  ---------------

Current thread (0x0000000015b1a000):  JavaThread "C2 CompilerThread1" daemon [_thread_in_native, id=7988, stack(0x0000000017280000,0x0000000017380000)]

Stack: [0x0000000017280000,0x0000000017380000]
[error occurred during error reporting (printing stack bounds), id 0xc0000005]

Native frames: (J=compiled Java code, j=interpreted, Vv=VM code, C=native code)


Current CompileTask:
C2:   6098 2308   !   4       com.android.dx.cf.code.Ropper::processBlock (1101 bytes)


---------------  P R O C E S S  ---------------

Java Threads: ( => current thread )
  0x0000000017723800 JavaThread "pool-2-thread-1" [_thread_blocked, id=288, stack(0x0000000017b80000,0x0000000017c80000)]
  0x0000000017722800 JavaThread "pool-1-thread-1" [_thread_in_Java, id=5184, stack(0x0000000017a80000,0x0000000017b80000)]
  0x00000000174a9800 JavaThread "Service Thread" daemon [_thread_blocked, id=1496, stack(0x0000000017880000,0x0000000017980000)]
  0x0000000015b21000 JavaThread "C1 CompilerThread2" daemon [_thread_blocked, id=6608, stack(0x0000000017380000,0x0000000017480000)]
=>0x0000000015b1a000 JavaThread "C2 CompilerThread1" daemon [_thread_in_native, id=7988, stack(0x0000000017280000,0x0000000017380000)]
  0x0000000015b16800 JavaThread "C2 CompilerThread0" daemon [_thread_in_native, id=4808, stack(0x0000000017180000,0x0000000017280000)]
  0x0000000015b15800 JavaThread "Attach Listener" daemon [_thread_blocked, id=1800, stack(0x0000000017080000,0x0000000017180000)]
  0x0000000015b14000 JavaThread "Signal Dispatcher" daemon [_thread_blocked, id=5304, stack(0x0000000016f80000,0x0000000017080000)]
  0x000000000343a800 JavaThread "Finalizer" daemon [_thread_blocked, id=5268, stack(0x0000000016d80000,0x0000000016e80000)]
  0x0000000003432800 JavaThread "Reference Handler" daemon [_thread_blocked, id=2700, stack(0x0000000016c80000,0x0000000016d80000)]
  0x000000000333e000 JavaThread "main" [_thread_in_Java, id=7980, stack(0x0000000003190000,0x0000000003290000)]

Other Threads:
  0x0000000015ad5800 VMThread [stack: 0x0000000016b80000,0x0000000016c80000] [id=6836]
  0x00000000174b2000 WatcherThread [stack: 0x0000000017980000,0x0000000017a80000] [id=4196]

VM state:not at safepoint (normal execution)

VM Mutex/Monitor currently owned by a thread: None

heap address: 0x00000000c0000000, size: 1024 MB, Compressed Oops mode: 32-bit
Narrow klass base: 0x0000000000000000, Narrow klass shift: 3
Compressed class space size: 1073741824 Address: 0x0000000100000000

Heap:
 PSYoungGen      total 215552K, used 99036K [0x00000000eab00000, 0x00000000ffb80000, 0x0000000100000000)
  eden space 173568K, 35% used [0x00000000eab00000,0x00000000ee661ec0,0x00000000f5480000)
  from space 41984K, 91% used [0x00000000f8a80000,0x00000000fafd52c0,0x00000000fb380000)
  to   space 55296K, 0% used [0x00000000f5480000,0x00000000f5480000,0x00000000f8a80000)
 ParOldGen       total 146944K, used 82345K [0x00000000c0000000, 0x00000000c8f80000, 0x00000000eab00000)
  object space 146944K, 56% used [0x00000000c0000000,0x00000000c506a778,0x00000000c8f80000)
 Metaspace       used 6705K, capacity 7352K, committed 7552K, reserved 1056768K
  class space    used 611K, capacity 624K, committed 640K, reserved 1048576K

Card table byte_map: [0x0000000012800000,0x0000000012a10000] byte_map_base: 0x0000000012200000

Marking Bits: (ParMarkBitMap*) 0x00000000534a8f30
 Begin Bits: [0x0000000012f70000, 0x0000000013f70000)
 End Bits:   [0x0000000013f70000, 0x0000000014f70000)

Polling page: 0x0000000001830000

CodeCache: size=245760Kb used=9855Kb max_used=9922Kb free=235904Kb
 bounds [0x0000000003440000, 0x0000000003e10000, 0x0000000012440000]
 total_blobs=2442 nmethods=2166 adapters=189
 compilation: enabled

Compilation events (10 events):
Event: 5.971 Thread 0x0000000015b21000 2335       2       java.util.concurrent.locks.AbstractQueuedSynchronizer::enq (58 bytes)
Event: 5.972 Thread 0x0000000015b21000 nmethod 2335 0x00000000035439d0 code [0x0000000003543b40, 0x0000000003543e30]
Event: 5.972 Thread 0x0000000015b21000 2336       2       java.util.concurrent.locks.AbstractQueuedSynchronizer::unparkSuccessor (84 bytes)
Event: 5.973 Thread 0x0000000015b21000 nmethod 2336 0x000000000357db50 code [0x000000000357dcc0, 0x000000000357df28]
Event: 5.973 Thread 0x0000000015b21000 2334       2       java.util.concurrent.locks.AbstractQueuedSynchronizer::transferForSignal (45 bytes)
Event: 5.973 Thread 0x0000000015b21000 nmethod 2334 0x00000000035b69d0 code [0x00000000035b6b40, 0x00000000035b6d98]
Event: 5.974 Thread 0x0000000015b21000 2337       2       java.util.concurrent.locks.AbstractQueuedSynchronizer$ConditionObject::checkInterruptWhileWaiting (27 bytes)
Event: 5.974 Thread 0x0000000015b21000 nmethod 2337 0x00000000035ff210 code [0x00000000035ff3a0, 0x00000000035ff678]
Event: 6.093 Thread 0x0000000015b21000 2342       2       com.android.dx.cf.code.ByteCatchList::get (9 bytes)
Event: 6.094 Thread 0x0000000015b21000 nmethod 2342 0x000000000354c810 code [0x000000000354c980, 0x000000000354cb28]

GC Heap History (10 events):
Event: 2.985 GC heap before
{Heap before GC invocations=10 (full 1):
 PSYoungGen      total 143360K, used 19450K [0x00000000eab00000, 0x00000000fa400000, 0x0000000100000000)
  eden space 123904K, 0% used [0x00000000eab00000,0x00000000eab00000,0x00000000f2400000)
  from space 19456K, 99% used [0x00000000f2400000,0x00000000f36feaa0,0x00000000f3700000)
  to   space 28160K, 0% used [0x00000000f8880000,0x00000000f8880000,0x00000000fa400000)
 ParOldGen       total 44032K, used 40081K [0x00000000c0000000, 0x00000000c2b00000, 0x00000000eab00000)
  object space 44032K, 91% used [0x00000000c0000000,0x00000000c2724748,0x00000000c2b00000)
 Metaspace       used 6567K, capacity 7344K, committed 7552K, reserved 1056768K
  class space    used 590K, capacity 616K, committed 640K, reserved 1048576K
Event: 3.394 GC heap after
Heap after GC invocations=10 (full 1):
 PSYoungGen      total 143360K, used 11732K [0x00000000eab00000, 0x00000000fa400000, 0x0000000100000000)
  eden space 123904K, 0% used [0x00000000eab00000,0x00000000eab00000,0x00000000f2400000)
  from space 19456K, 60% used [0x00000000f2400000,0x00000000f2f75118,0x00000000f3700000)
  to   space 28160K, 0% used [0x00000000f8880000,0x00000000f8880000,0x00000000fa400000)
 ParOldGen       total 82432K, used 43746K [0x00000000c0000000, 0x00000000c5080000, 0x00000000eab00000)
  object space 82432K, 53% used [0x00000000c0000000,0x00000000c2ab8948,0x00000000c5080000)
 Metaspace       used 6567K, capacity 7344K, committed 7552K, reserved 1056768K
  class space    used 590K, capacity 616K, committed 640K, reserved 1048576K
}
Event: 3.874 GC heap before
{Heap before GC invocations=11 (full 1):
 PSYoungGen      total 143360K, used 135636K [0x00000000eab00000, 0x00000000fa400000, 0x0000000100000000)
  eden space 123904K, 100% used [0x00000000eab00000,0x00000000f2400000,0x00000000f2400000)
  from space 19456K, 60% used [0x00000000f2400000,0x00000000f2f75118,0x00000000f3700000)
  to   space 28160K, 0% used [0x00000000f8880000,0x00000000f8880000,0x00000000fa400000)
 ParOldGen       total 82432K, used 43746K [0x00000000c0000000, 0x00000000c5080000, 0x00000000eab00000)
  object space 82432K, 53% used [0x00000000c0000000,0x00000000c2ab8948,0x00000000c5080000)
 Metaspace       used 6681K, capacity 7352K, committed 7552K, reserved 1056768K
  class space    used 611K, capacity 624K, committed 640K, reserved 1048576K
Event: 3.922 GC heap after
Heap after GC invocations=11 (full 1):
 PSYoungGen      total 176640K, used 25191K [0x00000000eab00000, 0x00000000fa180000, 0x0000000100000000)
  eden space 151040K, 0% used [0x00000000eab00000,0x00000000eab00000,0x00000000f3e80000)
  from space 25600K, 98% used [0x00000000f8880000,0x00000000fa119f10,0x00000000fa180000)
  to   space 31232K, 0% used [0x00000000f6480000,0x00000000f6480000,0x00000000f8300000)
 ParOldGen       total 82432K, used 49802K [0x00000000c0000000, 0x00000000c5080000, 0x00000000eab00000)
  object space 82432K, 60% used [0x00000000c0000000,0x00000000c30a2b30,0x00000000c5080000)
 Metaspace       used 6681K, capacity 7352K, committed 7552K, reserved 1056768K
  class space    used 611K, capacity 624K, committed 640K, reserved 1048576K
}
Event: 4.449 GC heap before
{Heap before GC invocations=12 (full 1):
 PSYoungGen      total 176640K, used 176231K [0x00000000eab00000, 0x00000000fa180000, 0x0000000100000000)
  eden space 151040K, 100% used [0x00000000eab00000,0x00000000f3e80000,0x00000000f3e80000)
  from space 25600K, 98% used [0x00000000f8880000,0x00000000fa119f10,0x00000000fa180000)
  to   space 31232K, 0% used [0x00000000f6480000,0x00000000f6480000,0x00000000f8300000)
 ParOldGen       total 82432K, used 49802K [0x00000000c0000000, 0x00000000c5080000, 0x00000000eab00000)
  object space 82432K, 60% used [0x00000000c0000000,0x00000000c30a2b30,0x00000000c5080000)
 Metaspace       used 6692K, capacity 7352K, committed 7552K, reserved 1056768K
  class space    used 611K, capacity 624K, committed 640K, reserved 1048576K
Event: 4.515 GC heap after
Heap after GC invocations=12 (full 1):
 PSYoungGen      total 218112K, used 31206K [0x00000000eab00000, 0x00000000fb380000, 0x0000000100000000)
  eden space 186880K, 0% used [0x00000000eab00000,0x00000000eab00000,0x00000000f6180000)
  from space 31232K, 99% used [0x00000000f6480000,0x00000000f82f9ad0,0x00000000f8300000)
  to   space 41984K, 0% used [0x00000000f8a80000,0x00000000f8a80000,0x00000000fb380000)
 ParOldGen       total 82432K, used 64583K [0x00000000c0000000, 0x00000000c5080000, 0x00000000eab00000)
  object space 82432K, 78% used [0x00000000c0000000,0x00000000c3f11dc8,0x00000000c5080000)
 Metaspace       used 6692K, capacity 7352K, committed 7552K, reserved 1056768K
  class space    used 611K, capacity 624K, committed 640K, reserved 1048576K
}
Event: 5.099 GC heap before
{Heap before GC invocations=13 (full 1):
 PSYoungGen      total 218112K, used 218086K [0x00000000eab00000, 0x00000000fb380000, 0x0000000100000000)
  eden space 186880K, 100% used [0x00000000eab00000,0x00000000f6180000,0x00000000f6180000)
  from space 31232K, 99% used [0x00000000f6480000,0x00000000f82f9ad0,0x00000000f8300000)
  to   space 41984K, 0% used [0x00000000f8a80000,0x00000000f8a80000,0x00000000fb380000)
 ParOldGen       total 82432K, used 64583K [0x00000000c0000000, 0x00000000c5080000, 0x00000000eab00000)
  object space 82432K, 78% used [0x00000000c0000000,0x00000000c3f11dc8,0x00000000c5080000)
 Metaspace       used 6698K, capacity 7352K, committed 7552K, reserved 1056768K
  class space    used 611K, capacity 624K, committed 640K, reserved 1048576K
Event: 5.173 GC heap after
Heap after GC invocations=13 (full 1):
 PSYoungGen      total 215552K, used 41982K [0x00000000eab00000, 0x00000000ffb80000, 0x0000000100000000)
  eden space 173568K, 0% used [0x00000000eab00000,0x00000000eab00000,0x00000000f5480000)
  from space 41984K, 99% used [0x00000000f8a80000,0x00000000fb37f930,0x00000000fb380000)
  to   space 55296K, 0% used [0x00000000f5480000,0x00000000f5480000,0x00000000f8a80000)
 ParOldGen       total 82432K, used 81740K [0x00000000c0000000, 0x00000000c5080000, 0x00000000eab00000)
  object space 82432K, 99% used [0x00000000c0000000,0x00000000c4fd30a0,0x00000000c5080000)
 Metaspace       used 6698K, capacity 7352K, committed 7552K, reserved 1056768K
  class space    used 611K, capacity 624K, committed 640K, reserved 1048576K
}
Event: 5.173 GC heap before
{Heap before GC invocations=14 (full 2):
 PSYoungGen      total 215552K, used 41982K [0x00000000eab00000, 0x00000000ffb80000, 0x0000000100000000)
  eden space 173568K, 0% used [0x00000000eab00000,0x00000000eab00000,0x00000000f5480000)
  from space 41984K, 99% used [0x00000000f8a80000,0x00000000fb37f930,0x00000000fb380000)
  to   space 55296K, 0% used [0x00000000f5480000,0x00000000f5480000,0x00000000f8a80000)
 ParOldGen       total 82432K, used 81740K [0x00000000c0000000, 0x00000000c5080000, 0x00000000eab00000)
  object space 82432K, 99% used [0x00000000c0000000,0x00000000c4fd30a0,0x00000000c5080000)
 Metaspace       used 6698K, capacity 7352K, committed 7552K, reserved 1056768K
  class space    used 611K, capacity 624K, committed 640K, reserved 1048576K
Event: 5.905 GC heap after
Heap after GC invocations=14 (full 2):
 PSYoungGen      total 215552K, used 38228K [0x00000000eab00000, 0x00000000ffb80000, 0x0000000100000000)
  eden space 173568K, 0% used [0x00000000eab00000,0x00000000eab00000,0x00000000f5480000)
  from space 41984K, 91% used [0x00000000f8a80000,0x00000000fafd52c0,0x00000000fb380000)
  to   space 55296K, 0% used [0x00000000f5480000,0x00000000f5480000,0x00000000f8a80000)
 ParOldGen       total 146944K, used 82345K [0x00000000c0000000, 0x00000000c8f80000, 0x00000000eab00000)
  object space 146944K, 56% used [0x00000000c0000000,0x00000000c506a778,0x00000000c8f80000)
 Metaspace       used 6698K, capacity 7352K, committed 7552K, reserved 1056768K
  class space    used 611K, capacity 624K, committed 640K, reserved 1048576K
}

Deoptimization events (10 events):
Event: 3.496 Thread 0x0000000017722800 Uncommon trap: reason=unstable_if action=reinterpret pc=0x0000000003c2a9c4 method=com.android.dx.rop.code.RegisterSpecSet.<init>(I)V @ 2
Event: 3.577 Thread 0x000000000333e000 Uncommon trap: reason=class_check action=maybe_recompile pc=0x0000000003c261b4 method=java.util.concurrent.ConcurrentHashMap.get(Ljava/lang/Object;)Ljava/lang/Object; @ 93
Event: 3.577 Thread 0x000000000333e000 Uncommon trap: reason=class_check action=maybe_recompile pc=0x0000000003c261b4 method=java.util.concurrent.ConcurrentHashMap.get(Ljava/lang/Object;)Ljava/lang/Object; @ 93
Event: 4.021 Thread 0x000000000333e000 Uncommon trap: reason=unstable_if action=reinterpret pc=0x0000000003d0d560 method=com.android.dx.rop.code.RegisterSpec.equals(ILcom/android/dx/rop/type/TypeBearer;Lcom/android/dx/rop/code/LocalItem;)Z @ 42
Event: 4.279 Thread 0x000000000333e000 Uncommon trap: reason=unstable_if action=reinterpret pc=0x0000000003d859d0 method=com.android.dx.ssa.NormalSsaInsn.getLocalAssignment()Lcom/android/dx/rop/code/RegisterSpec; @ 12
Event: 4.279 Thread 0x000000000333e000 Uncommon trap: reason=unstable_if action=reinterpret pc=0x0000000003724828 method=com.android.dx.ssa.NormalSsaInsn.getLocalAssignment()Lcom/android/dx/rop/code/RegisterSpec; @ 12
Event: 4.348 Thread 0x000000000333e000 Uncommon trap: reason=class_check action=maybe_recompile pc=0x0000000003c97b5c method=java.util.HashMap.getNode(ILjava/lang/Object;)Ljava/util/HashMap$Node; @ 126
Event: 4.348 Thread 0x000000000333e000 Uncommon trap: reason=class_check action=maybe_recompile pc=0x0000000003c97b5c method=java.util.HashMap.getNode(ILjava/lang/Object;)Ljava/util/HashMap$Node; @ 126
Event: 4.526 Thread 0x000000000333e000 Uncommon trap: reason=class_check action=maybe_recompile pc=0x0000000003c97b5c method=java.util.HashMap.getNode(ILjava/lang/Object;)Ljava/util/HashMap$Node; @ 126
Event: 4.931 Thread 0x0000000017722800 Uncommon trap: reason=null_check action=make_not_entrant pc=0x0000000003de3c34 method=com.android.dx.cf.code.Ropper$CatchInfo.getSetup(Lcom/android/dx/rop/type/Type;)Lcom/android/dx/cf/code/Ropper$ExceptionHandlerSetup; @ 10

Classes redefined (0 events):
No events

Internal exceptions (8 events):
Event: 0.030 Thread 0x000000000333e000 Exception <a 'java/lang/NoSuchMethodError': Method sun.misc.Unsafe.defineClass(Ljava/lang/String;[BII)Ljava/lang/Class; name or signature does not match> (0x00000000eab07cb0) thrown at [D:\j\worksp~1\openjd~3\jdk8u\hotspot\src\share\vm\prims\jni.cpp, line
Event: 0.030 Thread 0x000000000333e000 Exception <a 'java/lang/NoSuchMethodError': Method sun.misc.Unsafe.prefetchRead(Ljava/lang/Object;J)V name or signature does not match> (0x00000000eab07f98) thrown at [D:\j\worksp~1\openjd~3\jdk8u\hotspot\src\share\vm\prims\jni.cpp, line 4012]
Event: 1.443 Thread 0x000000000333e000 Implicit null exception at 0x000000000374d062 to 0x000000000374d15a
Event: 1.500 Thread 0x0000000017722800 Implicit null exception at 0x000000000399bd2c to 0x000000000399bd58
Event: 3.575 Thread 0x000000000333e000 Exception <a 'java/lang/ArrayIndexOutOfBoundsException': 18> (0x00000000ed2d8648) thrown at [D:\j\worksp~1\openjd~3\jdk8u\hotspot\src\share\vm\interpreter\interpreterRuntime.cpp, line 368]
Event: 3.575 Thread 0x000000000333e000 Exception <a 'java/lang/ArrayIndexOutOfBoundsException': 145> (0x00000000ed2da1c8) thrown at [D:\j\worksp~1\openjd~3\jdk8u\hotspot\src\share\vm\interpreter\interpreterRuntime.cpp, line 368]
Event: 3.577 Thread 0x000000000333e000 Exception <a 'java/lang/ArrayIndexOutOfBoundsException'> (0x00000000ed2db4b0) thrown at [D:\j\worksp~1\openjd~3\jdk8u\hotspot\src\share\vm\runtime\sharedRuntime.cpp, line 605]
Event: 4.931 Thread 0x0000000017722800 Implicit null exception at 0x0000000003ddac90 to 0x0000000003de3bf5

Events (10 events):
Event: 5.915 Thread 0x0000000015b16800 flushing nmethod 0x000000000363a410
Event: 5.915 Thread 0x0000000015b16800 flushing nmethod 0x000000000363d890
Event: 5.915 Thread 0x0000000015b16800 flushing nmethod 0x000000000364bdd0
Event: 5.915 Thread 0x0000000015b16800 flushing nmethod 0x0000000003651f10
Event: 5.943 Thread 0x000000000333e000 DEOPT PACKING pc=0x0000000003789974 sp=0x000000000328de70
Event: 5.943 Thread 0x000000000333e000 DEOPT UNPACKING pc=0x00000000034875d0 sp=0x000000000328dbb8 mode 0
Event: 5.997 Thread 0x000000000333e000 DEOPT PACKING pc=0x0000000003789974 sp=0x000000000328df20
Event: 5.997 Thread 0x000000000333e000 DEOPT UNPACKING pc=0x00000000034875d0 sp=0x000000000328dc68 mode 0
Event: 6.045 Thread 0x000000000333e000 DEOPT PACKING pc=0x0000000003789974 sp=0x000000000328df20
Event: 6.045 Thread 0x000000000333e000 DEOPT UNPACKING pc=0x00000000034875d0 sp=0x000000000328dc68 mode 0


Dynamic libraries:
0x00007ff700230000 - 0x00007ff700265000 	C:\Program Files\Android\Jdk\microsoft_dist_openjdk_1.8.0.25\bin\java.exe
0x00007ffc308a0000 - 0x00007ffc30a81000 	C:\Windows\SYSTEM32\ntdll.dll
0x00007ffc307b0000 - 0x00007ffc30862000 	C:\Windows\System32\KERNEL32.DLL
0x00007ffc2ccc0000 - 0x00007ffc2cf33000 	C:\Windows\System32\KERNELBASE.dll
0x00007ffc2fc00000 - 0x00007ffc2fca1000 	C:\Windows\System32\ADVAPI32.dll
0x00007ffc2e5f0000 - 0x00007ffc2e68e000 	C:\Windows\System32\msvcrt.dll
0x00007ffc303c0000 - 0x00007ffc3041b000 	C:\Windows\System32\sechost.dll
0x00007ffc30520000 - 0x00007ffc30644000 	C:\Windows\System32\RPCRT4.dll
0x00007ffc2e290000 - 0x00007ffc2e420000 	C:\Windows\System32\USER32.dll
0x00007ffc2d0e0000 - 0x00007ffc2d100000 	C:\Windows\System32\win32u.dll
0x00007ffc2ff40000 - 0x00007ffc2ff68000 	C:\Windows\System32\GDI32.dll
0x00007ffc2cf40000 - 0x00007ffc2d0d2000 	C:\Windows\System32\gdi32full.dll
0x00007ffc2dc90000 - 0x00007ffc2dd2f000 	C:\Windows\System32\msvcp_win.dll
0x00007ffc2da60000 - 0x00007ffc2db5a000 	C:\Windows\System32\ucrtbase.dll
0x00007ffc14370000 - 0x00007ffc145d9000 	C:\Windows\WinSxS\amd64_microsoft.windows.common-controls_6595b64144ccf1df_6.0.17134.137_none_fb44974530639b67\COMCTL32.dll
0x00007ffc2dd30000 - 0x00007ffc2e053000 	C:\Windows\System32\combase.dll
0x00007ffc2db60000 - 0x00007ffc2dbda000 	C:\Windows\System32\bcryptPrimitives.dll
0x00007ffc2e440000 - 0x00007ffc2e46d000 	C:\Windows\System32\IMM32.DLL
0x0000000053530000 - 0x0000000053601000 	C:\Program Files\Android\Jdk\microsoft_dist_openjdk_1.8.0.25\jre\bin\msvcr100.dll
0x0000000052ce0000 - 0x0000000053525000 	C:\Program Files\Android\Jdk\microsoft_dist_openjdk_1.8.0.25\jre\bin\server\jvm.dll
0x00007ffc2fd20000 - 0x00007ffc2fd28000 	C:\Windows\System32\PSAPI.DLL
0x00007ffc24e00000 - 0x00007ffc24e23000 	C:\Windows\SYSTEM32\WINMM.dll
0x00007ffc22010000 - 0x00007ffc22019000 	C:\Windows\SYSTEM32\WSOCK32.dll
0x00007ffc298b0000 - 0x00007ffc298ba000 	C:\Windows\SYSTEM32\VERSION.dll
0x00007ffc30740000 - 0x00007ffc307ac000 	C:\Windows\System32\WS2_32.dll
0x00007ffc24ba0000 - 0x00007ffc24bca000 	C:\Windows\SYSTEM32\winmmbase.dll
0x00007ffc2cc70000 - 0x00007ffc2ccb9000 	C:\Windows\System32\cfgmgr32.dll
0x00007ffc25df0000 - 0x00007ffc25dff000 	C:\Program Files\Android\Jdk\microsoft_dist_openjdk_1.8.0.25\jre\bin\verify.dll
0x00007ffc23b00000 - 0x00007ffc23b29000 	C:\Program Files\Android\Jdk\microsoft_dist_openjdk_1.8.0.25\jre\bin\java.dll
0x00007ffc23cc0000 - 0x00007ffc23cd6000 	C:\Program Files\Android\Jdk\microsoft_dist_openjdk_1.8.0.25\jre\bin\zip.dll
0x00007ffc2e7c0000 - 0x00007ffc2fc00000 	C:\Windows\System32\SHELL32.dll
0x00007ffc2e690000 - 0x00007ffc2e739000 	C:\Windows\System32\shcore.dll
0x00007ffc2d2f0000 - 0x00007ffc2d9fd000 	C:\Windows\System32\windows.storage.dll
0x00007ffc2fd30000 - 0x00007ffc2fd81000 	C:\Windows\System32\shlwapi.dll
0x00007ffc2cc00000 - 0x00007ffc2cc11000 	C:\Windows\System32\kernel.appcore.dll
0x00007ffc2cbc0000 - 0x00007ffc2cbdf000 	C:\Windows\System32\profapi.dll
0x00007ffc2cc20000 - 0x00007ffc2cc6c000 	C:\Windows\System32\powrprof.dll
0x00007ffc2cbb0000 - 0x00007ffc2cbba000 	C:\Windows\System32\FLTLIB.DLL

VM Arguments:
jvm_args: -Dfile.encoding=UTF8 -Xmx1G 
java_command: C:\Program Files (x86)\Android\android-sdk\build-tools\28.0.3\\lib\dx.jar --dex --no-strict --input-list=C:\Temp\tmpF43F.tmp --output obj\Debug\90\android\bin
java_class_path (initial): C:\Program Files (x86)\Android\android-sdk\build-tools\28.0.3\\lib\dx.jar
Launcher Type: SUN_STANDARD

Environment Variables:
PATH=C:\Program Files\Android\Jdk\microsoft_dist_openjdk_1.8.0.25\bin;C:\Windows\system32;C:\Windows;C:\Windows\System32\Wbem;C:\Windows\System32\WindowsPowerShell\v1.0\;C:\Program Files (x86)\NVIDIA Corporation\PhysX\Common;C:\Program Files\dotnet\;C:\Program Files (x86)\GitExtensions\;D:\Git\cmd;C:\Users\kobri\AppData\Local\Microsoft\WindowsApps;C:\Users\kobri\AppData\Local\GitHubDesktop\bin;C:\Users\kobri\.dotnet\tools
USERNAME=kobri
OS=Windows_NT
PROCESSOR_IDENTIFIER=Intel64 Family 6 Model 142 Stepping 9, GenuineIntel



---------------  S Y S T E M  ---------------

OS: Windows 10.0 , 64 bit Build 17134 (10.0.17134.1)

CPU:total 4 (initial active 4) (2 cores per cpu, 2 threads per core) family 6 model 142 stepping 9, cmov, cx8, fxsr, mmx, sse, sse2, sse3, ssse3, sse4.1, sse4.2, popcnt, avx, avx2, aes, clmul, erms, 3dnowpref, lzcnt, ht, tsc, tscinvbit, bmi1, bmi2, adx

Memory: 4k page, physical 4065932k(757248k free), swap 4328076k(5448k free)

vm_info: OpenJDK 64-Bit Server VM (25.71-b00) for windows-amd64 JRE (1.8.0-25-microsoft-b00), built on Feb  7 2019 20:09:14 by "builder" with MS VC++ 10.0 (VS2010)

time: Sun Feb 16 21:47:20 2020
timezone: RTZ 2 (зима)
elapsed time: 6 seconds (0d 0h 0m 6s)

