#
# There is insufficient memory for the Java Runtime Environment to continue.
# Native memory allocation (malloc) failed to allocate 508272 bytes for Chunk::new
# Possible reasons:
#   The system is out of physical RAM or swap space
#   The process is running with CompressedOops enabled, and the Java Heap may be blocking the growth of the native heap
# Possible solutions:
#   Reduce memory load on the system
#   Increase physical memory or swap space
#   Check if swap backing store is full
#   Decrease Java heap size (-Xmx/-Xms)
#   Decrease number of Java threads
#   Decrease Java thread stack sizes (-Xss)
#   Set larger code cache with -XX:ReservedCodeCacheSize=
#   JVM is running with Unscaled Compressed Oops mode in which the Java heap is
#     placed in the first 4GB address space. The Java Heap base address is the
#     maximum limit for the native heap growth. Please use -XX:HeapBaseMinAddress
#     to set the Java Heap base and to place the Java Heap above 4GB virtual address.
# This output file may be truncated or incomplete.
#
#  Out of Memory Error (allocation.cpp:389), pid=1852, tid=0x0000000000001b70
#
# JRE version: OpenJDK Runtime Environment (8.0) (build 1.8.0-25-microsoft-b00)
# Java VM: OpenJDK 64-Bit Server VM (25.71-b00 mixed mode windows-amd64 compressed oops)
# Failed to write core dump. Minidumps are not enabled by default on client versions of Windows
#

---------------  T H R E A D  ---------------

Current thread (0x000000001529e800):  JavaThread "C2 CompilerThread1" daemon [_thread_in_native, id=7024, stack(0x00000000169f0000,0x0000000016af0000)]

Stack: [0x00000000169f0000,0x0000000016af0000]
[error occurred during error reporting (printing stack bounds), id 0xc0000005]

Native frames: (J=compiled Java code, j=interpreted, Vv=VM code, C=native code)


Current CompileTask:
C2:   3020 1979       4       com.android.dx.ssa.SCCP::simulatePhi (169 bytes)


---------------  P R O C E S S  ---------------

Java Threads: ( => current thread )
  0x0000000016e7a000 JavaThread "pool-2-thread-1" [_thread_blocked, id=7976, stack(0x0000000017af0000,0x0000000017bf0000)]
  0x0000000016e79000 JavaThread "pool-1-thread-1" [_thread_in_Java, id=1056, stack(0x00000000179f0000,0x0000000017af0000)]
  0x0000000016c22800 JavaThread "Service Thread" daemon [_thread_blocked, id=3900, stack(0x0000000016ff0000,0x00000000170f0000)]
  0x00000000152a6800 JavaThread "C1 CompilerThread2" daemon [_thread_blocked, id=3412, stack(0x0000000016af0000,0x0000000016bf0000)]
=>0x000000001529e800 JavaThread "C2 CompilerThread1" daemon [_thread_in_native, id=7024, stack(0x00000000169f0000,0x0000000016af0000)]
  0x0000000015296000 JavaThread "C2 CompilerThread0" daemon [_thread_in_native, id=1760, stack(0x00000000168f0000,0x00000000169f0000)]
  0x000000001529b000 JavaThread "Attach Listener" daemon [_thread_blocked, id=7972, stack(0x00000000167f0000,0x00000000168f0000)]
  0x0000000015295000 JavaThread "Signal Dispatcher" daemon [_thread_blocked, id=4340, stack(0x00000000166f0000,0x00000000167f0000)]
  0x0000000002bba800 JavaThread "Finalizer" daemon [_thread_blocked, id=4332, stack(0x00000000164f0000,0x00000000165f0000)]
  0x0000000015279800 JavaThread "Reference Handler" daemon [_thread_blocked, id=6412, stack(0x00000000163f0000,0x00000000164f0000)]
  0x00000000029be000 JavaThread "main" [_thread_in_Java, id=1764, stack(0x00000000029c0000,0x0000000002ac0000)]

Other Threads:
  0x0000000015256800 VMThread [stack: 0x00000000162f0000,0x00000000163f0000] [id=3456]
  0x00000000152ee800 WatcherThread [stack: 0x00000000170f0000,0x00000000171f0000] [id=1452]

VM state:not at safepoint (normal execution)

VM Mutex/Monitor currently owned by a thread: None

heap address: 0x00000000c0000000, size: 1024 MB, Compressed Oops mode: 32-bit
Narrow klass base: 0x0000000000000000, Narrow klass shift: 3
Compressed class space size: 1073741824 Address: 0x0000000100000000

Heap:
 PSYoungGen      total 35328K, used 18292K [0x00000000eab00000, 0x00000000ed000000, 0x0000000100000000)
  eden space 32768K, 55% used [0x00000000eab00000,0x00000000ebcdd210,0x00000000ecb00000)
  from space 2560K, 0% used [0x00000000ecd80000,0x00000000ecd80000,0x00000000ed000000)
  to   space 2560K, 0% used [0x00000000ecb00000,0x00000000ecb00000,0x00000000ecd80000)
 ParOldGen       total 72192K, used 38959K [0x00000000c0000000, 0x00000000c4680000, 0x00000000eab00000)
  object space 72192K, 53% used [0x00000000c0000000,0x00000000c260bf60,0x00000000c4680000)
 Metaspace       used 6529K, capacity 7280K, committed 7552K, reserved 1056768K
  class space    used 590K, capacity 616K, committed 640K, reserved 1048576K

Card table byte_map: [0x0000000011f80000,0x0000000012190000] byte_map_base: 0x0000000011980000

Marking Bits: (ParMarkBitMap*) 0x0000000058198f30
 Begin Bits: [0x00000000126f0000, 0x00000000136f0000)
 End Bits:   [0x00000000136f0000, 0x00000000146f0000)

Polling page: 0x0000000000b00000

CodeCache: size=245760Kb used=8247Kb max_used=8247Kb free=237512Kb
 bounds [0x0000000002bc0000, 0x00000000033e0000, 0x0000000011bc0000]
 total_blobs=2262 nmethods=1986 adapters=189
 compilation: enabled

Compilation events (10 events):
Event: 2.886 Thread 0x0000000015296000 1844       4       com.android.dx.ssa.SsaRenamer$BlockRenamer::addMapping (143 bytes)
Event: 2.887 Thread 0x00000000152a6800 2033       2       com.android.dx.rop.annotation.AnnotationsList::set (11 bytes)
Event: 2.888 Thread 0x00000000152a6800 nmethod 2033 0x00000000033b2e10 code [0x00000000033b2fe0, 0x00000000033b3518]
Event: 2.893 Thread 0x00000000152a6800 2035       2       com.android.dx.rop.annotation.AnnotationsList::get (9 bytes)
Event: 2.893 Thread 0x00000000152a6800 nmethod 2035 0x00000000033b29d0 code [0x00000000033b2b40, 0x00000000033b2ce8]
Event: 2.893 Thread 0x00000000152a6800 2036       2       com.android.dx.dex.file.AnnotationSetRefItem::<init> (26 bytes)
Event: 2.893 Thread 0x00000000152a6800 nmethod 2036 0x00000000033b67d0 code [0x00000000033b6940, 0x00000000033b6b98]
Event: 2.898 Thread 0x00000000152a6800 2039       2       com.android.dx.rop.cst.CstArray::<init> (28 bytes)
Event: 2.997 Thread 0x00000000152a6800 nmethod 2039 0x00000000033b6190 code [0x00000000033b6320, 0x00000000033b6618]
Event: 2.997 Thread 0x00000000152a6800 2040   !   3       java.util.concurrent.ConcurrentHashMap::transfer (832 bytes)

GC Heap History (10 events):
Event: 1.939 GC heap before
{Heap before GC invocations=7 (full 0):
 PSYoungGen      total 35328K, used 35296K [0x00000000eab00000, 0x00000000ed000000, 0x0000000100000000)
  eden space 32768K, 100% used [0x00000000eab00000,0x00000000ecb00000,0x00000000ecb00000)
  from space 2560K, 98% used [0x00000000ecd80000,0x00000000ecff8020,0x00000000ed000000)
  to   space 2560K, 0% used [0x00000000ecb00000,0x00000000ecb00000,0x00000000ecd80000)
 ParOldGen       total 44032K, used 19995K [0x00000000c0000000, 0x00000000c2b00000, 0x00000000eab00000)
  object space 44032K, 45% used [0x00000000c0000000,0x00000000c1386c28,0x00000000c2b00000)
 Metaspace       used 6400K, capacity 7216K, committed 7296K, reserved 1056768K
  class space    used 582K, capacity 616K, committed 640K, reserved 1048576K
Event: 1.966 GC heap after
Heap after GC invocations=7 (full 0):
 PSYoungGen      total 35328K, used 2560K [0x00000000eab00000, 0x00000000ed000000, 0x0000000100000000)
  eden space 32768K, 0% used [0x00000000eab00000,0x00000000eab00000,0x00000000ecb00000)
  from space 2560K, 100% used [0x00000000ecb00000,0x00000000ecd80000,0x00000000ecd80000)
  to   space 2560K, 0% used [0x00000000ecd80000,0x00000000ecd80000,0x00000000ed000000)
 ParOldGen       total 44032K, used 24840K [0x00000000c0000000, 0x00000000c2b00000, 0x00000000eab00000)
  object space 44032K, 56% used [0x00000000c0000000,0x00000000c1842290,0x00000000c2b00000)
 Metaspace       used 6400K, capacity 7216K, committed 7296K, reserved 1056768K
  class space    used 582K, capacity 616K, committed 640K, reserved 1048576K
}
Event: 2.139 GC heap before
{Heap before GC invocations=8 (full 0):
 PSYoungGen      total 35328K, used 35328K [0x00000000eab00000, 0x00000000ed000000, 0x0000000100000000)
  eden space 32768K, 100% used [0x00000000eab00000,0x00000000ecb00000,0x00000000ecb00000)
  from space 2560K, 100% used [0x00000000ecb00000,0x00000000ecd80000,0x00000000ecd80000)
  to   space 2560K, 0% used [0x00000000ecd80000,0x00000000ecd80000,0x00000000ed000000)
 ParOldGen       total 44032K, used 24840K [0x00000000c0000000, 0x00000000c2b00000, 0x00000000eab00000)
  object space 44032K, 56% used [0x00000000c0000000,0x00000000c1842290,0x00000000c2b00000)
 Metaspace       used 6467K, capacity 7280K, committed 7552K, reserved 1056768K
  class space    used 589K, capacity 616K, committed 640K, reserved 1048576K
Event: 2.157 GC heap after
Heap after GC invocations=8 (full 0):
 PSYoungGen      total 35328K, used 2560K [0x00000000eab00000, 0x00000000ed000000, 0x0000000100000000)
  eden space 32768K, 0% used [0x00000000eab00000,0x00000000eab00000,0x00000000ecb00000)
  from space 2560K, 100% used [0x00000000ecd80000,0x00000000ed000000,0x00000000ed000000)
  to   space 2560K, 0% used [0x00000000ecb00000,0x00000000ecb00000,0x00000000ecd80000)
 ParOldGen       total 44032K, used 29898K [0x00000000c0000000, 0x00000000c2b00000, 0x00000000eab00000)
  object space 44032K, 67% used [0x00000000c0000000,0x00000000c1d329d0,0x00000000c2b00000)
 Metaspace       used 6467K, capacity 7280K, committed 7552K, reserved 1056768K
  class space    used 589K, capacity 616K, committed 640K, reserved 1048576K
}
Event: 2.350 GC heap before
{Heap before GC invocations=9 (full 0):
 PSYoungGen      total 35328K, used 35328K [0x00000000eab00000, 0x00000000ed000000, 0x0000000100000000)
  eden space 32768K, 100% used [0x00000000eab00000,0x00000000ecb00000,0x00000000ecb00000)
  from space 2560K, 100% used [0x00000000ecd80000,0x00000000ed000000,0x00000000ed000000)
  to   space 2560K, 0% used [0x00000000ecb00000,0x00000000ecb00000,0x00000000ecd80000)
 ParOldGen       total 44032K, used 29898K [0x00000000c0000000, 0x00000000c2b00000, 0x00000000eab00000)
  object space 44032K, 67% used [0x00000000c0000000,0x00000000c1d329d0,0x00000000c2b00000)
 Metaspace       used 6513K, capacity 7280K, committed 7552K, reserved 1056768K
  class space    used 590K, capacity 616K, committed 640K, reserved 1048576K
Event: 2.362 GC heap after
Heap after GC invocations=9 (full 0):
 PSYoungGen      total 35328K, used 2560K [0x00000000eab00000, 0x00000000ed000000, 0x0000000100000000)
  eden space 32768K, 0% used [0x00000000eab00000,0x00000000eab00000,0x00000000ecb00000)
  from space 2560K, 100% used [0x00000000ecb00000,0x00000000ecd80000,0x00000000ecd80000)
  to   space 2560K, 0% used [0x00000000ecd80000,0x00000000ecd80000,0x00000000ed000000)
 ParOldGen       total 44032K, used 34737K [0x00000000c0000000, 0x00000000c2b00000, 0x00000000eab00000)
  object space 44032K, 78% used [0x00000000c0000000,0x00000000c21ec410,0x00000000c2b00000)
 Metaspace       used 6513K, capacity 7280K, committed 7552K, reserved 1056768K
  class space    used 590K, capacity 616K, committed 640K, reserved 1048576K
}
Event: 2.514 GC heap before
{Heap before GC invocations=10 (full 0):
 PSYoungGen      total 35328K, used 35328K [0x00000000eab00000, 0x00000000ed000000, 0x0000000100000000)
  eden space 32768K, 100% used [0x00000000eab00000,0x00000000ecb00000,0x00000000ecb00000)
  from space 2560K, 100% used [0x00000000ecb00000,0x00000000ecd80000,0x00000000ecd80000)
  to   space 2560K, 0% used [0x00000000ecd80000,0x00000000ecd80000,0x00000000ed000000)
 ParOldGen       total 44032K, used 34737K [0x00000000c0000000, 0x00000000c2b00000, 0x00000000eab00000)
  object space 44032K, 78% used [0x00000000c0000000,0x00000000c21ec410,0x00000000c2b00000)
 Metaspace       used 6524K, capacity 7280K, committed 7552K, reserved 1056768K
  class space    used 590K, capacity 616K, committed 640K, reserved 1048576K
Event: 2.532 GC heap after
Heap after GC invocations=10 (full 0):
 PSYoungGen      total 35328K, used 2560K [0x00000000eab00000, 0x00000000ed000000, 0x0000000100000000)
  eden space 32768K, 0% used [0x00000000eab00000,0x00000000eab00000,0x00000000ecb00000)
  from space 2560K, 100% used [0x00000000ecd80000,0x00000000ed000000,0x00000000ed000000)
  to   space 2560K, 0% used [0x00000000ecb00000,0x00000000ecb00000,0x00000000ecd80000)
 ParOldGen       total 44032K, used 39170K [0x00000000c0000000, 0x00000000c2b00000, 0x00000000eab00000)
  object space 44032K, 88% used [0x00000000c0000000,0x00000000c2640b60,0x00000000c2b00000)
 Metaspace       used 6524K, capacity 7280K, committed 7552K, reserved 1056768K
  class space    used 590K, capacity 616K, committed 640K, reserved 1048576K
}
Event: 2.532 GC heap before
{Heap before GC invocations=11 (full 1):
 PSYoungGen      total 35328K, used 2560K [0x00000000eab00000, 0x00000000ed000000, 0x0000000100000000)
  eden space 32768K, 0% used [0x00000000eab00000,0x00000000eab00000,0x00000000ecb00000)
  from space 2560K, 100% used [0x00000000ecd80000,0x00000000ed000000,0x00000000ed000000)
  to   space 2560K, 0% used [0x00000000ecb00000,0x00000000ecb00000,0x00000000ecd80000)
 ParOldGen       total 44032K, used 39170K [0x00000000c0000000, 0x00000000c2b00000, 0x00000000eab00000)
  object space 44032K, 88% used [0x00000000c0000000,0x00000000c2640b60,0x00000000c2b00000)
 Metaspace       used 6524K, capacity 7280K, committed 7552K, reserved 1056768K
  class space    used 590K, capacity 616K, committed 640K, reserved 1048576K
Event: 2.822 GC heap after
Heap after GC invocations=11 (full 1):
 PSYoungGen      total 35328K, used 0K [0x00000000eab00000, 0x00000000ed000000, 0x0000000100000000)
  eden space 32768K, 0% used [0x00000000eab00000,0x00000000eab00000,0x00000000ecb00000)
  from space 2560K, 0% used [0x00000000ecd80000,0x00000000ecd80000,0x00000000ed000000)
  to   space 2560K, 0% used [0x00000000ecb00000,0x00000000ecb00000,0x00000000ecd80000)
 ParOldGen       total 72192K, used 38959K [0x00000000c0000000, 0x00000000c4680000, 0x00000000eab00000)
  object space 72192K, 53% used [0x00000000c0000000,0x00000000c260bf60,0x00000000c4680000)
 Metaspace       used 6524K, capacity 7280K, committed 7552K, reserved 1056768K
  class space    used 590K, capacity 616K, committed 640K, reserved 1048576K
}

Deoptimization events (10 events):
Event: 2.224 Thread 0x00000000029be000 Uncommon trap: reason=bimorphic action=maybe_recompile pc=0x0000000002e57fcc method=java.util.HashMap.getNode(ILjava/lang/Object;)Ljava/util/HashMap$Node; @ 59
Event: 2.224 Thread 0x00000000029be000 Uncommon trap: reason=bimorphic action=maybe_recompile pc=0x0000000002e57fcc method=java.util.HashMap.getNode(ILjava/lang/Object;)Ljava/util/HashMap$Node; @ 59
Event: 2.224 Thread 0x00000000029be000 Uncommon trap: reason=bimorphic action=maybe_recompile pc=0x0000000002e57fcc method=java.util.HashMap.getNode(ILjava/lang/Object;)Ljava/util/HashMap$Node; @ 59
Event: 2.226 Thread 0x00000000029be000 Uncommon trap: reason=bimorphic action=maybe_recompile pc=0x0000000002e6ce68 method=java.util.HashMap.getNode(ILjava/lang/Object;)Ljava/util/HashMap$Node; @ 59
Event: 2.288 Thread 0x0000000016e79000 Uncommon trap: reason=unstable_if action=reinterpret pc=0x0000000003357c60 method=com.android.dx.ssa.SCCP.simulateStmt(Lcom/android/dx/ssa/SsaInsn;)V @ 469
Event: 2.294 Thread 0x0000000016e79000 Uncommon trap: reason=unstable_if action=reinterpret pc=0x000000000336149c method=com.android.dx.rop.code.RegisterSpec.hashCodeOf(ILcom/android/dx/rop/type/TypeBearer;Lcom/android/dx/rop/code/LocalItem;)I @ 1
Event: 2.310 Thread 0x0000000016e79000 Uncommon trap: reason=speculate_class_check action=maybe_recompile pc=0x00000000032dcd04 method=com.android.dx.ssa.SsaInsn.mapRegisters(Lcom/android/dx/ssa/RegisterMapper;)V @ 31
Event: 2.344 Thread 0x0000000016e79000 Uncommon trap: reason=unstable_if action=reinterpret pc=0x0000000002f2121c method=com.android.dx.ssa.SsaMethod.updateOneDefinition(Lcom/android/dx/ssa/SsaInsn;Lcom/android/dx/rop/code/RegisterSpec;)V @ 4
Event: 2.481 Thread 0x00000000029be000 Uncommon trap: reason=unstable_if action=reinterpret pc=0x0000000002d1db80 method=java.util.regex.Pattern$BnM.match(Ljava/util/regex/Matcher;ILjava/lang/CharSequence;)Z @ 34
Event: 2.481 Thread 0x00000000029be000 Uncommon trap: reason=unstable_if action=reinterpret pc=0x0000000002d25b9c method=java.util.regex.Pattern$BnM.match(Ljava/util/regex/Matcher;ILjava/lang/CharSequence;)Z @ 34

Classes redefined (0 events):
No events

Internal exceptions (3 events):
Event: 0.088 Thread 0x00000000029be000 Exception <a 'java/lang/NoSuchMethodError': Method sun.misc.Unsafe.defineClass(Ljava/lang/String;[BII)Ljava/lang/Class; name or signature does not match> (0x00000000eab07cb0) thrown at [D:\j\worksp~1\openjd~3\jdk8u\hotspot\src\share\vm\prims\jni.cpp, line
Event: 0.088 Thread 0x00000000029be000 Exception <a 'java/lang/NoSuchMethodError': Method sun.misc.Unsafe.prefetchRead(Ljava/lang/Object;J)V name or signature does not match> (0x00000000eab07f98) thrown at [D:\j\worksp~1\openjd~3\jdk8u\hotspot\src\share\vm\prims\jni.cpp, line 4012]
Event: 1.571 Thread 0x00000000029be000 Implicit null exception at 0x0000000002e83ce2 to 0x0000000002e83dda

Events (10 events):
Event: 2.481 Thread 0x00000000029be000 Uncommon trap: trap_request=0xffffff65 fr.pc=0x0000000002d1db80
Event: 2.481 Thread 0x00000000029be000 DEOPT PACKING pc=0x0000000002d1db80 sp=0x0000000002abe9a0
Event: 2.481 Thread 0x00000000029be000 DEOPT UNPACKING pc=0x0000000002c0557b sp=0x0000000002abe8e8 mode 2
Event: 2.481 Thread 0x00000000029be000 Uncommon trap: trap_request=0xffffff65 fr.pc=0x0000000002d25b9c
Event: 2.481 Thread 0x00000000029be000 DEOPT PACKING pc=0x0000000002d25b9c sp=0x0000000002abe920
Event: 2.481 Thread 0x00000000029be000 DEOPT UNPACKING pc=0x0000000002c0557b sp=0x0000000002abe8d0 mode 2
Event: 2.514 Executing VM operation: ParallelGCFailedAllocation
Event: 2.822 Executing VM operation: ParallelGCFailedAllocation done
Event: 2.864 Thread 0x00000000029be000 DEOPT PACKING pc=0x00000000032201bc sp=0x0000000002abe190
Event: 2.864 Thread 0x00000000029be000 DEOPT UNPACKING pc=0x0000000002c075d0 sp=0x0000000002abdf40 mode 0


Dynamic libraries:
0x00007ff672b50000 - 0x00007ff672b85000 	C:\Program Files\Android\Jdk\microsoft_dist_openjdk_1.8.0.25\bin\java.exe
0x00007ffede4b0000 - 0x00007ffede691000 	C:\Windows\SYSTEM32\ntdll.dll
0x00007ffeddf70000 - 0x00007ffede022000 	C:\Windows\System32\KERNEL32.DLL
0x00007ffedb640000 - 0x00007ffedb8b3000 	C:\Windows\System32\KERNELBASE.dll
0x00007ffedb940000 - 0x00007ffedb9e1000 	C:\Windows\System32\ADVAPI32.dll
0x00007ffedbd40000 - 0x00007ffedbdde000 	C:\Windows\System32\msvcrt.dll
0x00007ffedbe40000 - 0x00007ffedbe9b000 	C:\Windows\System32\sechost.dll
0x00007ffedde40000 - 0x00007ffeddf64000 	C:\Windows\System32\RPCRT4.dll
0x00007ffedbac0000 - 0x00007ffedbc50000 	C:\Windows\System32\USER32.dll
0x00007ffedac80000 - 0x00007ffedaca0000 	C:\Windows\System32\win32u.dll
0x00007ffedc0a0000 - 0x00007ffedc0c8000 	C:\Windows\System32\GDI32.dll
0x00007ffedb450000 - 0x00007ffedb5e2000 	C:\Windows\System32\gdi32full.dll
0x00007ffedb3b0000 - 0x00007ffedb44f000 	C:\Windows\System32\msvcp_win.dll
0x00007ffedab80000 - 0x00007ffedac7a000 	C:\Windows\System32\ucrtbase.dll
0x00007ffeca480000 - 0x00007ffeca6e9000 	C:\Windows\WinSxS\amd64_microsoft.windows.common-controls_6595b64144ccf1df_6.0.17134.137_none_fb44974530639b67\COMCTL32.dll
0x00007ffedc5b0000 - 0x00007ffedc8d3000 	C:\Windows\System32\combase.dll
0x00007ffedb8c0000 - 0x00007ffedb93a000 	C:\Windows\System32\bcryptPrimitives.dll
0x00007ffedc570000 - 0x00007ffedc59d000 	C:\Windows\System32\IMM32.DLL
0x0000000058220000 - 0x00000000582f1000 	C:\Program Files\Android\Jdk\microsoft_dist_openjdk_1.8.0.25\jre\bin\msvcr100.dll
0x00000000579d0000 - 0x0000000058215000 	C:\Program Files\Android\Jdk\microsoft_dist_openjdk_1.8.0.25\jre\bin\server\jvm.dll
0x00007ffedc9f0000 - 0x00007ffedc9f8000 	C:\Windows\System32\PSAPI.DLL
0x00007ffed6ae0000 - 0x00007ffed6aea000 	C:\Windows\SYSTEM32\VERSION.dll
0x00007ffed8a30000 - 0x00007ffed8a53000 	C:\Windows\SYSTEM32\WINMM.dll
0x00007ffed8900000 - 0x00007ffed892a000 	C:\Windows\SYSTEM32\WINMMBASE.dll
0x00007ffec7500000 - 0x00007ffec7509000 	C:\Windows\SYSTEM32\WSOCK32.dll
0x00007ffedc980000 - 0x00007ffedc9ec000 	C:\Windows\System32\WS2_32.dll
0x00007ffedb5f0000 - 0x00007ffedb639000 	C:\Windows\System32\cfgmgr32.dll
0x00007ffed2570000 - 0x00007ffed257f000 	C:\Program Files\Android\Jdk\microsoft_dist_openjdk_1.8.0.25\jre\bin\verify.dll
0x00007ffec9b90000 - 0x00007ffec9bb9000 	C:\Program Files\Android\Jdk\microsoft_dist_openjdk_1.8.0.25\jre\bin\java.dll
0x00007ffed0390000 - 0x00007ffed03a6000 	C:\Program Files\Android\Jdk\microsoft_dist_openjdk_1.8.0.25\jre\bin\zip.dll
0x00007ffedca00000 - 0x00007ffedde40000 	C:\Windows\System32\SHELL32.dll
0x00007ffedbeb0000 - 0x00007ffedbf59000 	C:\Windows\System32\shcore.dll
0x00007ffedaca0000 - 0x00007ffedb3ad000 	C:\Windows\System32\windows.storage.dll
0x00007ffedbfc0000 - 0x00007ffedc011000 	C:\Windows\System32\shlwapi.dll
0x00007ffeda800000 - 0x00007ffeda811000 	C:\Windows\System32\kernel.appcore.dll
0x00007ffeda7c0000 - 0x00007ffeda7df000 	C:\Windows\System32\profapi.dll
0x00007ffeda830000 - 0x00007ffeda87c000 	C:\Windows\System32\powrprof.dll
0x00007ffeda820000 - 0x00007ffeda82a000 	C:\Windows\System32\FLTLIB.DLL

VM Arguments:
jvm_args: -Dfile.encoding=UTF8 -Xmx1G 
java_command: C:\Program Files (x86)\Android\android-sdk\build-tools\28.0.3\\lib\dx.jar --dex --no-strict --input-list=C:\Temp\tmp47EA.tmp --output obj\Debug\90\android\bin
java_class_path (initial): C:\Program Files (x86)\Android\android-sdk\build-tools\28.0.3\\lib\dx.jar
Launcher Type: SUN_STANDARD

Environment Variables:
PATH=C:\Program Files\Android\Jdk\microsoft_dist_openjdk_1.8.0.25\bin;C:\Windows\system32;C:\Windows;C:\Windows\System32\Wbem;C:\Windows\System32\WindowsPowerShell\v1.0\;C:\Program Files (x86)\NVIDIA Corporation\PhysX\Common;C:\Program Files\dotnet\;C:\Program Files (x86)\GitExtensions\;D:\Git\cmd;C:\Users\kobri\AppData\Local\Microsoft\WindowsApps;C:\Users\kobri\AppData\Local\GitHubDesktop\bin;C:\Users\kobri\.dotnet\tools
USERNAME=kobri
OS=Windows_NT
PROCESSOR_IDENTIFIER=Intel64 Family 6 Model 142 Stepping 9, GenuineIntel



---------------  S Y S T E M  ---------------

OS: Windows 10.0 , 64 bit Build 17134 (10.0.17134.1)

CPU:total 4 (initial active 4) (2 cores per cpu, 2 threads per core) family 6 model 142 stepping 9, cmov, cx8, fxsr, mmx, sse, sse2, sse3, ssse3, sse4.1, sse4.2, popcnt, avx, avx2, aes, clmul, erms, 3dnowpref, lzcnt, ht, tsc, tscinvbit, bmi1, bmi2, adx

Memory: 4k page, physical 4065932k(590476k free), swap 4328044k(4160k free)

vm_info: OpenJDK 64-Bit Server VM (25.71-b00) for windows-amd64 JRE (1.8.0-25-microsoft-b00), built on Feb  7 2019 20:09:14 by "builder" with MS VC++ 10.0 (VS2010)

time: Sat Feb 22 23:41:29 2020
timezone: RTZ 2 (зима)
elapsed time: 3 seconds (0d 0h 0m 3s)

